19:41:44.162 [main] INFO  c.m.h.HelloblogApplication - [logStarting,55] - Starting HelloblogApplication on DESKTOP-L12NF9H with PID 21300 (D:\javaproject\helloblog\target\classes started by ASUS in D:\javaproject\helloblog)
19:41:44.171 [main] INFO  c.m.h.HelloblogApplication - [logStartupProfileInfo,651] - No active profile set, falling back to default profiles: default
19:41:46.233 [main] INFO  o.a.c.h.Http11NioProtocol - [log,173] - Initializing ProtocolHandler ["http-nio-8080"]
19:41:46.234 [main] INFO  o.a.c.c.StandardService - [log,173] - Starting service [Tomcat]
19:41:46.235 [main] INFO  o.a.c.c.StandardEngine - [log,173] - Starting Servlet engine: [Apache Tomcat/9.0.29]
19:41:46.485 [main] INFO  o.a.c.c.C.[.[.[/] - [log,173] - Initializing Spring embedded WebApplicationContext
19:41:46.654 [main] INFO  c.a.d.s.b.a.DruidDataSourceAutoConfigure - [dataSource,56] - Init DruidDataSource
19:41:46.907 [main] INFO  c.a.d.p.DruidDataSource - [init,985] - {dataSource-1} inited
19:41:47.491 [main] INFO  o.a.c.h.Http11NioProtocol - [log,173] - Starting ProtocolHandler ["http-nio-8080"]
19:41:47.508 [main] INFO  c.m.h.HelloblogApplication - [logStarted,61] - Started HelloblogApplication in 4.392 seconds (JVM running for 6.586)
19:41:54.704 [http-nio-8080-exec-1] INFO  o.a.c.c.C.[.[.[/] - [log,173] - Initializing Spring DispatcherServlet 'dispatcherServlet'
19:41:54.824 [http-nio-8080-exec-1] INFO  c.m.h.a.LogAspect - [doBefore,31] - Request : com.mayblackcat.helloblog.config.properties.LogProperties@2084f074
19:41:56.762 [http-nio-8080-exec-1] INFO  c.m.h.a.LogAspect - [doAfterReturning,37] - result : index
19:42:00.010 [http-nio-8080-exec-2] INFO  c.m.h.a.LogAspect - [doBefore,31] - Request : com.mayblackcat.helloblog.config.properties.LogProperties@2ff39f09
19:42:00.015 [http-nio-8080-exec-2] INFO  c.m.h.a.LogAspect - [doAfterReturning,37] - result : admin/login
19:42:06.633 [http-nio-8080-exec-8] INFO  c.m.h.a.LogAspect - [doBefore,31] - Request : com.mayblackcat.helloblog.config.properties.LogProperties@70f6ba52
19:42:06.641 [http-nio-8080-exec-8] INFO  c.m.h.a.LogAspect - [doAfterReturning,37] - result : admin/index
19:42:08.222 [http-nio-8080-exec-7] INFO  c.m.h.a.LogAspect - [doBefore,31] - Request : com.mayblackcat.helloblog.config.properties.LogProperties@33d1e145
19:42:08.241 [http-nio-8080-exec-7] INFO  c.m.h.a.LogAspect - [doAfterReturning,37] - result : admin/blogs
19:42:10.017 [http-nio-8080-exec-8] INFO  c.m.h.a.LogAspect - [doBefore,31] - Request : com.mayblackcat.helloblog.config.properties.LogProperties@6e974e35
19:42:10.027 [http-nio-8080-exec-8] INFO  c.m.h.a.LogAspect - [doAfterReturning,37] - result : admin/blogs
19:42:11.290 [http-nio-8080-exec-10] INFO  c.m.h.a.LogAspect - [doBefore,31] - Request : com.mayblackcat.helloblog.config.properties.LogProperties@3d5ad5fe
19:42:11.297 [http-nio-8080-exec-10] INFO  c.m.h.a.LogAspect - [doAfterReturning,37] - result : ModelAndView [view="admin/blogs-input"; model=null]
19:43:15.223 [http-nio-8080-exec-7] INFO  c.m.h.a.LogAspect - [doBefore,31] - Request : com.mayblackcat.helloblog.config.properties.LogProperties@33d94ac5
19:43:15.330 [http-nio-8080-exec-7] INFO  c.m.h.a.LogAspect - [doAfterReturning,37] - result : admin/blogs
19:43:27.436 [http-nio-8080-exec-6] INFO  c.m.h.a.LogAspect - [doBefore,31] - Request : com.mayblackcat.helloblog.config.properties.LogProperties@495c7423
19:43:27.438 [http-nio-8080-exec-6] INFO  c.m.h.a.LogAspect - [doAfterReturning,37] - result : admin/blogs :: blogList
19:43:47.885 [main] INFO  c.m.h.HelloblogApplication - [logStarting,55] - Starting HelloblogApplication on DESKTOP-L12NF9H with PID 16696 (D:\javaproject\helloblog\target\classes started by ASUS in D:\javaproject\helloblog)
19:43:47.890 [main] INFO  c.m.h.HelloblogApplication - [logStartupProfileInfo,651] - No active profile set, falling back to default profiles: default
19:43:49.010 [main] INFO  o.a.c.h.Http11NioProtocol - [log,173] - Initializing ProtocolHandler ["http-nio-8080"]
19:43:49.011 [main] INFO  o.a.c.c.StandardService - [log,173] - Starting service [Tomcat]
19:43:49.012 [main] INFO  o.a.c.c.StandardEngine - [log,173] - Starting Servlet engine: [Apache Tomcat/9.0.29]
19:43:49.066 [main] INFO  o.a.c.c.C.[.[.[/] - [log,173] - Initializing Spring embedded WebApplicationContext
19:43:49.162 [main] INFO  c.a.d.s.b.a.DruidDataSourceAutoConfigure - [dataSource,56] - Init DruidDataSource
19:43:49.247 [main] INFO  c.a.d.p.DruidDataSource - [init,985] - {dataSource-1} inited
19:43:49.701 [main] INFO  o.a.c.h.Http11NioProtocol - [log,173] - Starting ProtocolHandler ["http-nio-8080"]
19:43:49.717 [main] INFO  c.m.h.HelloblogApplication - [logStarted,61] - Started HelloblogApplication in 2.279 seconds (JVM running for 3.592)
19:43:49.837 [http-nio-8080-exec-1] INFO  o.a.c.c.C.[.[.[/] - [log,173] - Initializing Spring DispatcherServlet 'dispatcherServlet'
19:43:49.866 [http-nio-8080-exec-2] INFO  c.m.h.a.LogAspect - [doBefore,31] - Request : com.mayblackcat.helloblog.config.properties.LogProperties@b4bb17b
19:43:49.870 [http-nio-8080-exec-2] INFO  c.m.h.a.LogAspect - [doAfterReturning,37] - result : admin/login
19:43:53.421 [http-nio-8080-exec-3] INFO  c.m.h.a.LogAspect - [doBefore,31] - Request : com.mayblackcat.helloblog.config.properties.LogProperties@7e13248b
19:43:54.404 [http-nio-8080-exec-3] INFO  c.m.h.a.LogAspect - [doAfterReturning,37] - result : admin/index
19:43:56.024 [http-nio-8080-exec-4] INFO  c.m.h.a.LogAspect - [doBefore,31] - Request : com.mayblackcat.helloblog.config.properties.LogProperties@de68b4f
19:43:56.090 [http-nio-8080-exec-4] INFO  c.m.h.a.LogAspect - [doAfterReturning,37] - result : admin/blogs
19:44:04.084 [http-nio-8080-exec-5] INFO  c.m.h.a.LogAspect - [doBefore,31] - Request : com.mayblackcat.helloblog.config.properties.LogProperties@6ef2f094
19:44:04.089 [http-nio-8080-exec-5] INFO  c.m.h.a.LogAspect - [doAfterReturning,37] - result : admin/blogs :: blogList
19:44:32.709 [main] INFO  c.m.h.HelloblogApplication - [logStarting,55] - Starting HelloblogApplication on DESKTOP-L12NF9H with PID 15828 (D:\javaproject\helloblog\target\classes started by ASUS in D:\javaproject\helloblog)
19:44:32.712 [main] INFO  c.m.h.HelloblogApplication - [logStartupProfileInfo,651] - No active profile set, falling back to default profiles: default
19:44:33.848 [main] INFO  o.a.c.h.Http11NioProtocol - [log,173] - Initializing ProtocolHandler ["http-nio-8080"]
19:44:33.848 [main] INFO  o.a.c.c.StandardService - [log,173] - Starting service [Tomcat]
19:44:33.849 [main] INFO  o.a.c.c.StandardEngine - [log,173] - Starting Servlet engine: [Apache Tomcat/9.0.29]
19:44:33.912 [main] INFO  o.a.c.c.C.[.[.[/] - [log,173] - Initializing Spring embedded WebApplicationContext
19:44:34.031 [main] INFO  c.a.d.s.b.a.DruidDataSourceAutoConfigure - [dataSource,56] - Init DruidDataSource
19:44:34.124 [main] INFO  c.a.d.p.DruidDataSource - [init,985] - {dataSource-1} inited
19:44:34.625 [main] INFO  o.a.c.h.Http11NioProtocol - [log,173] - Starting ProtocolHandler ["http-nio-8080"]
19:44:34.652 [main] INFO  c.m.h.HelloblogApplication - [logStarted,61] - Started HelloblogApplication in 2.374 seconds (JVM running for 5.101)
19:44:37.433 [http-nio-8080-exec-1] INFO  o.a.c.c.C.[.[.[/] - [log,173] - Initializing Spring DispatcherServlet 'dispatcherServlet'
19:44:37.471 [http-nio-8080-exec-4] INFO  c.m.h.a.LogAspect - [doBefore,31] - Request : com.mayblackcat.helloblog.config.properties.LogProperties@3eee204f
19:44:37.475 [http-nio-8080-exec-4] INFO  c.m.h.a.LogAspect - [doAfterReturning,37] - result : admin/login
19:44:41.354 [http-nio-8080-exec-8] INFO  c.m.h.a.LogAspect - [doBefore,31] - Request : com.mayblackcat.helloblog.config.properties.LogProperties@49e3dae3
19:44:42.304 [http-nio-8080-exec-8] INFO  c.m.h.a.LogAspect - [doAfterReturning,37] - result : admin/index
19:44:42.934 [http-nio-8080-exec-5] INFO  c.m.h.a.LogAspect - [doBefore,31] - Request : com.mayblackcat.helloblog.config.properties.LogProperties@5aa1d128
19:44:42.990 [http-nio-8080-exec-5] INFO  c.m.h.a.LogAspect - [doAfterReturning,37] - result : admin/blogs
19:44:50.251 [http-nio-8080-exec-6] INFO  c.m.h.a.LogAspect - [doBefore,31] - Request : com.mayblackcat.helloblog.config.properties.LogProperties@1af6955a
19:46:22.070 [http-nio-8080-exec-6] INFO  c.m.h.a.LogAspect - [doAfterReturning,37] - result : admin/blogs :: blogList
20:02:06.917 [SpringContextShutdownHook] INFO  c.a.d.p.DruidDataSource - [close,2032] - {dataSource-1} closing ...
20:02:06.982 [SpringContextShutdownHook] INFO  c.a.d.p.DruidDataSource - [close,2104] - {dataSource-1} closed
20:02:15.794 [main] INFO  c.m.h.HelloblogApplication - [logStarting,55] - Starting HelloblogApplication on DESKTOP-L12NF9H with PID 13664 (D:\javaproject\helloblog\target\classes started by ASUS in D:\javaproject\helloblog)
20:02:15.797 [main] INFO  c.m.h.HelloblogApplication - [logStartupProfileInfo,651] - No active profile set, falling back to default profiles: default
20:02:17.100 [main] INFO  o.a.c.h.Http11NioProtocol - [log,173] - Initializing ProtocolHandler ["http-nio-8080"]
20:02:17.100 [main] INFO  o.a.c.c.StandardService - [log,173] - Starting service [Tomcat]
20:02:17.101 [main] INFO  o.a.c.c.StandardEngine - [log,173] - Starting Servlet engine: [Apache Tomcat/9.0.29]
20:02:17.162 [main] INFO  o.a.c.c.C.[.[.[/] - [log,173] - Initializing Spring embedded WebApplicationContext
20:02:17.256 [main] INFO  c.a.d.s.b.a.DruidDataSourceAutoConfigure - [dataSource,56] - Init DruidDataSource
20:02:17.443 [main] INFO  c.a.d.p.DruidDataSource - [init,985] - {dataSource-1} inited
20:02:17.950 [main] INFO  o.a.c.h.Http11NioProtocol - [log,173] - Starting ProtocolHandler ["http-nio-8080"]
20:02:17.971 [main] INFO  c.m.h.HelloblogApplication - [logStarted,61] - Started HelloblogApplication in 2.641 seconds (JVM running for 3.855)
20:02:25.559 [http-nio-8080-exec-1] INFO  o.a.c.c.C.[.[.[/] - [log,173] - Initializing Spring DispatcherServlet 'dispatcherServlet'
20:02:25.589 [http-nio-8080-exec-1] INFO  c.m.h.a.LogAspect - [doBefore,31] - Request : com.mayblackcat.helloblog.config.properties.LogProperties@77c6977d
20:02:26.642 [http-nio-8080-exec-1] INFO  c.m.h.a.LogAspect - [doAfterReturning,37] - result : index
20:02:27.860 [http-nio-8080-exec-2] INFO  c.m.h.a.LogAspect - [doBefore,31] - Request : com.mayblackcat.helloblog.config.properties.LogProperties@110d2982
20:02:27.862 [http-nio-8080-exec-2] INFO  c.m.h.a.LogAspect - [doAfterReturning,37] - result : admin/login
20:02:31.010 [http-nio-8080-exec-9] INFO  c.m.h.a.LogAspect - [doBefore,31] - Request : com.mayblackcat.helloblog.config.properties.LogProperties@3036d2b9
20:02:31.015 [http-nio-8080-exec-9] INFO  c.m.h.a.LogAspect - [doAfterReturning,37] - result : admin/index
20:02:32.425 [http-nio-8080-exec-7] INFO  c.m.h.a.LogAspect - [doBefore,31] - Request : com.mayblackcat.helloblog.config.properties.LogProperties@62f47c22
20:02:32.445 [http-nio-8080-exec-7] INFO  c.m.h.a.LogAspect - [doAfterReturning,37] - result : admin/blogs
20:02:37.218 [http-nio-8080-exec-4] INFO  c.m.h.a.LogAspect - [doBefore,31] - Request : com.mayblackcat.helloblog.config.properties.LogProperties@5d65753c
20:02:37.229 [http-nio-8080-exec-4] INFO  c.m.h.a.LogAspect - [doAfterReturning,37] - result : redirect:admin/blogs :: blogList
20:02:38.727 [http-nio-8080-exec-5] INFO  c.m.h.a.LogAspect - [doBefore,31] - Request : com.mayblackcat.helloblog.config.properties.LogProperties@1d1ec707
20:02:38.741 [http-nio-8080-exec-5] INFO  c.m.h.a.LogAspect - [doAfterReturning,37] - result : redirect:admin/blogs :: blogList
20:02:39.039 [http-nio-8080-exec-1] INFO  c.m.h.a.LogAspect - [doBefore,31] - Request : com.mayblackcat.helloblog.config.properties.LogProperties@53186fdf
20:02:39.049 [http-nio-8080-exec-1] INFO  c.m.h.a.LogAspect - [doAfterReturning,37] - result : redirect:admin/blogs :: blogList
20:02:39.294 [http-nio-8080-exec-3] INFO  c.m.h.a.LogAspect - [doBefore,31] - Request : com.mayblackcat.helloblog.config.properties.LogProperties@5ceaed28
20:02:39.304 [http-nio-8080-exec-3] INFO  c.m.h.a.LogAspect - [doAfterReturning,37] - result : redirect:admin/blogs :: blogList
20:02:54.767 [http-nio-8080-exec-9] INFO  c.m.h.a.LogAspect - [doBefore,31] - Request : com.mayblackcat.helloblog.config.properties.LogProperties@26b2b761
20:02:54.775 [http-nio-8080-exec-9] INFO  c.m.h.a.LogAspect - [doAfterReturning,37] - result : redirect:admin/blogs :: blogList
20:02:55.118 [http-nio-8080-exec-4] INFO  c.m.h.a.LogAspect - [doBefore,31] - Request : com.mayblackcat.helloblog.config.properties.LogProperties@22f8d646
20:02:55.193 [http-nio-8080-exec-4] INFO  c.m.h.a.LogAspect - [doAfterReturning,37] - result : redirect:admin/blogs :: blogList
20:02:55.375 [http-nio-8080-exec-5] INFO  c.m.h.a.LogAspect - [doBefore,31] - Request : com.mayblackcat.helloblog.config.properties.LogProperties@398dcf7e
20:02:55.386 [http-nio-8080-exec-5] INFO  c.m.h.a.LogAspect - [doAfterReturning,37] - result : redirect:admin/blogs :: blogList
20:02:55.757 [http-nio-8080-exec-1] INFO  c.m.h.a.LogAspect - [doBefore,31] - Request : com.mayblackcat.helloblog.config.properties.LogProperties@2c5be6bb
20:02:55.766 [http-nio-8080-exec-1] INFO  c.m.h.a.LogAspect - [doAfterReturning,37] - result : redirect:admin/blogs :: blogList
20:03:02.758 [http-nio-8080-exec-3] INFO  c.m.h.a.LogAspect - [doBefore,31] - Request : com.mayblackcat.helloblog.config.properties.LogProperties@60ab04a8
20:03:02.769 [http-nio-8080-exec-3] INFO  c.m.h.a.LogAspect - [doAfterReturning,37] - result : redirect:admin/blogs :: blogList
20:03:03.079 [http-nio-8080-exec-9] INFO  c.m.h.a.LogAspect - [doBefore,31] - Request : com.mayblackcat.helloblog.config.properties.LogProperties@47947287
20:03:03.091 [http-nio-8080-exec-9] INFO  c.m.h.a.LogAspect - [doAfterReturning,37] - result : redirect:admin/blogs :: blogList
20:12:23.887 [main] INFO  c.m.h.HelloblogApplication - [logStarting,55] - Starting HelloblogApplication on DESKTOP-L12NF9H with PID 15796 (D:\javaproject\helloblog\target\classes started by ASUS in D:\javaproject\helloblog)
20:12:23.890 [main] INFO  c.m.h.HelloblogApplication - [logStartupProfileInfo,651] - No active profile set, falling back to default profiles: default
20:12:25.052 [main] INFO  o.a.c.h.Http11NioProtocol - [log,173] - Initializing ProtocolHandler ["http-nio-8080"]
20:12:25.053 [main] INFO  o.a.c.c.StandardService - [log,173] - Starting service [Tomcat]
20:12:25.053 [main] INFO  o.a.c.c.StandardEngine - [log,173] - Starting Servlet engine: [Apache Tomcat/9.0.29]
20:12:25.105 [main] INFO  o.a.c.c.C.[.[.[/] - [log,173] - Initializing Spring embedded WebApplicationContext
20:12:25.201 [main] INFO  c.a.d.s.b.a.DruidDataSourceAutoConfigure - [dataSource,56] - Init DruidDataSource
20:12:25.265 [main] INFO  c.a.d.p.DruidDataSource - [init,985] - {dataSource-1} inited
20:12:25.685 [main] INFO  o.a.c.h.Http11NioProtocol - [log,173] - Starting ProtocolHandler ["http-nio-8080"]
20:12:25.701 [main] INFO  c.m.h.HelloblogApplication - [logStarted,61] - Started HelloblogApplication in 2.224 seconds (JVM running for 3.464)
20:12:30.528 [http-nio-8080-exec-1] INFO  o.a.c.c.C.[.[.[/] - [log,173] - Initializing Spring DispatcherServlet 'dispatcherServlet'
20:12:30.564 [http-nio-8080-exec-1] INFO  c.m.h.a.LogAspect - [doBefore,31] - Request : com.mayblackcat.helloblog.config.properties.LogProperties@2bea43af
20:12:31.578 [http-nio-8080-exec-1] INFO  c.m.h.a.LogAspect - [doAfterReturning,37] - result : index
20:12:33.236 [http-nio-8080-exec-3] INFO  c.m.h.a.LogAspect - [doBefore,31] - Request : com.mayblackcat.helloblog.config.properties.LogProperties@74088987
20:12:33.240 [http-nio-8080-exec-3] INFO  c.m.h.a.LogAspect - [doAfterReturning,37] - result : admin/login
20:12:36.157 [http-nio-8080-exec-2] INFO  c.m.h.a.LogAspect - [doBefore,31] - Request : com.mayblackcat.helloblog.config.properties.LogProperties@710f7dd2
20:12:36.164 [http-nio-8080-exec-2] INFO  c.m.h.a.LogAspect - [doAfterReturning,37] - result : admin/index
20:12:37.414 [http-nio-8080-exec-7] INFO  c.m.h.a.LogAspect - [doBefore,31] - Request : com.mayblackcat.helloblog.config.properties.LogProperties@2a9c255e
20:12:37.431 [http-nio-8080-exec-7] INFO  c.m.h.a.LogAspect - [doAfterReturning,37] - result : admin/blogs
20:12:40.075 [http-nio-8080-exec-4] INFO  c.m.h.a.LogAspect - [doBefore,31] - Request : com.mayblackcat.helloblog.config.properties.LogProperties@17541c9d
20:12:40.088 [http-nio-8080-exec-4] INFO  c.m.h.a.LogAspect - [doAfterReturning,37] - result : admin/blogs :: blogList
20:12:47.919 [http-nio-8080-exec-8] INFO  c.m.h.a.LogAspect - [doBefore,31] - Request : com.mayblackcat.helloblog.config.properties.LogProperties@28e22bf9
20:12:47.921 [http-nio-8080-exec-8] INFO  c.m.h.a.LogAspect - [doAfterReturning,37] - result : admin/blogs :: blogList
20:12:50.525 [http-nio-8080-exec-5] INFO  c.m.h.a.LogAspect - [doBefore,31] - Request : com.mayblackcat.helloblog.config.properties.LogProperties@5caa5c4f
20:12:50.528 [http-nio-8080-exec-5] INFO  c.m.h.a.LogAspect - [doAfterReturning,37] - result : admin/blogs :: blogList
20:12:52.462 [http-nio-8080-exec-10] INFO  c.m.h.a.LogAspect - [doBefore,31] - Request : com.mayblackcat.helloblog.config.properties.LogProperties@4850bb26
20:12:52.470 [http-nio-8080-exec-10] INFO  c.m.h.a.LogAspect - [doAfterReturning,37] - result : admin/blogs :: blogList
20:12:54.964 [http-nio-8080-exec-1] INFO  c.m.h.a.LogAspect - [doBefore,31] - Request : com.mayblackcat.helloblog.config.properties.LogProperties@6408eb41
20:12:54.966 [http-nio-8080-exec-1] INFO  c.m.h.a.LogAspect - [doAfterReturning,37] - result : admin/blogs :: blogList
20:21:31.915 [http-nio-8080-exec-2] INFO  c.m.h.a.LogAspect - [doBefore,31] - Request : com.mayblackcat.helloblog.config.properties.LogProperties@2f1d7968
20:21:31.916 [http-nio-8080-exec-2] INFO  c.m.h.a.LogAspect - [doAfterReturning,37] - result : redirect:/admin
20:21:31.924 [http-nio-8080-exec-7] INFO  c.m.h.a.LogAspect - [doBefore,31] - Request : com.mayblackcat.helloblog.config.properties.LogProperties@5a925d4a
20:21:31.925 [http-nio-8080-exec-7] INFO  c.m.h.a.LogAspect - [doAfterReturning,37] - result : admin/login
20:21:34.336 [http-nio-8080-exec-9] INFO  c.m.h.a.LogAspect - [doBefore,31] - Request : com.mayblackcat.helloblog.config.properties.LogProperties@45578e45
20:21:34.570 [http-nio-8080-exec-9] INFO  c.m.h.a.LogAspect - [doAfterReturning,37] - result : index
20:21:36.010 [http-nio-8080-exec-6] INFO  c.m.h.a.LogAspect - [doBefore,31] - Request : com.mayblackcat.helloblog.config.properties.LogProperties@3bc88706
20:21:36.013 [http-nio-8080-exec-6] INFO  c.m.h.a.LogAspect - [doAfterReturning,37] - result : message
20:21:36.186 [http-nio-8080-exec-4] INFO  c.m.h.a.LogAspect - [doBefore,31] - Request : com.mayblackcat.helloblog.config.properties.LogProperties@72b5386c
20:21:36.232 [http-nio-8080-exec-4] INFO  c.m.h.a.LogAspect - [doAfterReturning,37] - result : message :: messages
20:23:40.704 [main] INFO  c.m.h.HelloblogApplication - [logStarting,55] - Starting HelloblogApplication on DESKTOP-L12NF9H with PID 6924 (D:\javaproject\helloblog\target\classes started by ASUS in D:\javaproject\helloblog)
20:23:40.707 [main] INFO  c.m.h.HelloblogApplication - [logStartupProfileInfo,651] - No active profile set, falling back to default profiles: default
20:23:42.118 [main] INFO  o.a.c.h.Http11NioProtocol - [log,173] - Initializing ProtocolHandler ["http-nio-8080"]
20:23:42.118 [main] INFO  o.a.c.c.StandardService - [log,173] - Starting service [Tomcat]
20:23:42.119 [main] INFO  o.a.c.c.StandardEngine - [log,173] - Starting Servlet engine: [Apache Tomcat/9.0.29]
20:23:42.181 [main] INFO  o.a.c.c.C.[.[.[/] - [log,173] - Initializing Spring embedded WebApplicationContext
20:23:42.277 [main] INFO  c.a.d.s.b.a.DruidDataSourceAutoConfigure - [dataSource,56] - Init DruidDataSource
20:23:42.443 [main] INFO  c.a.d.p.DruidDataSource - [init,985] - {dataSource-1} inited
20:23:42.930 [main] INFO  o.a.c.h.Http11NioProtocol - [log,173] - Starting ProtocolHandler ["http-nio-8080"]
20:23:42.946 [main] INFO  c.m.h.HelloblogApplication - [logStarted,61] - Started HelloblogApplication in 2.845 seconds (JVM running for 4.189)
20:23:49.052 [http-nio-8080-exec-1] INFO  o.a.c.c.C.[.[.[/] - [log,173] - Initializing Spring DispatcherServlet 'dispatcherServlet'
20:23:49.077 [http-nio-8080-exec-1] INFO  c.m.h.a.LogAspect - [doBefore,31] - Request : com.mayblackcat.helloblog.config.properties.LogProperties@2e916298
20:23:50.131 [http-nio-8080-exec-1] INFO  c.m.h.a.LogAspect - [doAfterReturning,37] - result : types
20:23:50.996 [http-nio-8080-exec-2] INFO  c.m.h.a.LogAspect - [doBefore,31] - Request : com.mayblackcat.helloblog.config.properties.LogProperties@daf7d97
20:23:51.001 [http-nio-8080-exec-2] INFO  c.m.h.a.LogAspect - [doAfterReturning,37] - result : message
20:23:51.071 [http-nio-8080-exec-4] INFO  c.m.h.a.LogAspect - [doBefore,31] - Request : com.mayblackcat.helloblog.config.properties.LogProperties@ba2ce97
20:23:51.081 [http-nio-8080-exec-4] INFO  c.m.h.a.LogAspect - [doAfterReturning,37] - result : message :: messageList
20:23:52.129 [http-nio-8080-exec-3] INFO  c.m.h.a.LogAspect - [doBefore,31] - Request : com.mayblackcat.helloblog.config.properties.LogProperties@3c786b47
20:23:52.201 [http-nio-8080-exec-3] INFO  c.m.h.a.LogAspect - [doAfterReturning,37] - result : types
20:23:52.798 [http-nio-8080-exec-5] INFO  c.m.h.a.LogAspect - [doBefore,31] - Request : com.mayblackcat.helloblog.config.properties.LogProperties@796e5333
20:23:52.967 [http-nio-8080-exec-5] INFO  c.m.h.a.LogAspect - [doAfterReturning,37] - result : index
20:23:53.560 [http-nio-8080-exec-6] INFO  c.m.h.a.LogAspect - [doBefore,31] - Request : com.mayblackcat.helloblog.config.properties.LogProperties@4e1310aa
20:23:53.606 [http-nio-8080-exec-6] INFO  c.m.h.a.LogAspect - [doAfterReturning,37] - result : types
20:23:55.508 [http-nio-8080-exec-7] INFO  c.m.h.a.LogAspect - [doBefore,31] - Request : com.mayblackcat.helloblog.config.properties.LogProperties@5eb3164
20:23:55.508 [http-nio-8080-exec-7] INFO  c.m.h.a.LogAspect - [doAfterReturning,37] - result : message
20:23:55.573 [http-nio-8080-exec-8] INFO  c.m.h.a.LogAspect - [doBefore,31] - Request : com.mayblackcat.helloblog.config.properties.LogProperties@779c7efe
20:23:55.576 [http-nio-8080-exec-8] INFO  c.m.h.a.LogAspect - [doAfterReturning,37] - result : message :: messageList
20:30:20.274 [main] INFO  c.m.h.HelloblogApplication - [logStarting,55] - Starting HelloblogApplication on DESKTOP-L12NF9H with PID 17656 (D:\javaproject\helloblog\target\classes started by ASUS in D:\javaproject\helloblog)
20:30:20.282 [main] INFO  c.m.h.HelloblogApplication - [logStartupProfileInfo,651] - No active profile set, falling back to default profiles: default
20:30:21.402 [main] INFO  o.a.c.h.Http11NioProtocol - [log,173] - Initializing ProtocolHandler ["http-nio-8080"]
20:30:21.403 [main] INFO  o.a.c.c.StandardService - [log,173] - Starting service [Tomcat]
20:30:21.403 [main] INFO  o.a.c.c.StandardEngine - [log,173] - Starting Servlet engine: [Apache Tomcat/9.0.29]
20:30:21.467 [main] INFO  o.a.c.c.C.[.[.[/] - [log,173] - Initializing Spring embedded WebApplicationContext
20:30:21.596 [main] INFO  c.a.d.s.b.a.DruidDataSourceAutoConfigure - [dataSource,56] - Init DruidDataSource
20:30:21.675 [main] INFO  c.a.d.p.DruidDataSource - [init,985] - {dataSource-1} inited
20:30:22.176 [main] INFO  o.a.c.h.Http11NioProtocol - [log,173] - Starting ProtocolHandler ["http-nio-8080"]
20:30:22.197 [main] INFO  c.m.h.HelloblogApplication - [logStarted,61] - Started HelloblogApplication in 2.667 seconds (JVM running for 4.26)
20:30:22.269 [http-nio-8080-exec-1] INFO  o.a.c.c.C.[.[.[/] - [log,173] - Initializing Spring DispatcherServlet 'dispatcherServlet'
20:30:22.301 [http-nio-8080-exec-1] INFO  c.m.h.a.LogAspect - [doBefore,31] - Request : com.mayblackcat.helloblog.config.properties.LogProperties@4d23c3fc
20:30:23.586 [http-nio-8080-exec-1] INFO  c.m.h.a.LogAspect - [doAfterReturning,37] - result : index
20:30:24.718 [http-nio-8080-exec-2] INFO  c.m.h.a.LogAspect - [doBefore,31] - Request : com.mayblackcat.helloblog.config.properties.LogProperties@5e07feee
20:30:24.722 [http-nio-8080-exec-2] INFO  c.m.h.a.LogAspect - [doAfterReturning,37] - result : message
20:30:24.795 [http-nio-8080-exec-3] INFO  c.m.h.a.LogAspect - [doBefore,31] - Request : com.mayblackcat.helloblog.config.properties.LogProperties@53889855
20:30:47.257 [http-nio-8080-exec-3] INFO  c.m.h.a.LogAspect - [doAfterReturning,37] - result : message :: messageList
20:30:47.306 [SpringContextShutdownHook] INFO  c.a.d.p.DruidDataSource - [close,2032] - {dataSource-1} closing ...
20:30:47.309 [SpringContextShutdownHook] INFO  c.a.d.p.DruidDataSource - [close,2104] - {dataSource-1} closed
20:32:30.156 [main] INFO  c.m.h.HelloblogApplication - [logStarting,55] - Starting HelloblogApplication on DESKTOP-L12NF9H with PID 5060 (D:\javaproject\helloblog\target\classes started by ASUS in D:\javaproject\helloblog)
20:32:30.161 [main] INFO  c.m.h.HelloblogApplication - [logStartupProfileInfo,651] - No active profile set, falling back to default profiles: default
20:32:31.089 [main] INFO  o.a.c.h.Http11NioProtocol - [log,173] - Initializing ProtocolHandler ["http-nio-8080"]
20:32:31.090 [main] INFO  o.a.c.c.StandardService - [log,173] - Starting service [Tomcat]
20:32:31.090 [main] INFO  o.a.c.c.StandardEngine - [log,173] - Starting Servlet engine: [Apache Tomcat/9.0.29]
20:32:31.147 [main] INFO  o.a.c.c.C.[.[.[/] - [log,173] - Initializing Spring embedded WebApplicationContext
20:32:31.244 [main] INFO  c.a.d.s.b.a.DruidDataSourceAutoConfigure - [dataSource,56] - Init DruidDataSource
20:32:31.311 [main] INFO  c.a.d.p.DruidDataSource - [init,985] - {dataSource-1} inited
20:32:31.749 [main] INFO  o.a.c.h.Http11NioProtocol - [log,173] - Starting ProtocolHandler ["http-nio-8080"]
20:32:31.765 [main] INFO  c.m.h.HelloblogApplication - [logStarted,61] - Started HelloblogApplication in 2.008 seconds (JVM running for 3.182)
20:32:34.037 [http-nio-8080-exec-1] INFO  o.a.c.c.C.[.[.[/] - [log,173] - Initializing Spring DispatcherServlet 'dispatcherServlet'
20:32:34.064 [http-nio-8080-exec-1] INFO  c.m.h.a.LogAspect - [doBefore,31] - Request : com.mayblackcat.helloblog.config.properties.LogProperties@2d73aef
20:32:35.094 [http-nio-8080-exec-1] INFO  c.m.h.a.LogAspect - [doAfterReturning,37] - result : index
20:32:35.871 [http-nio-8080-exec-3] INFO  c.m.h.a.LogAspect - [doBefore,31] - Request : com.mayblackcat.helloblog.config.properties.LogProperties@3c786b47
20:32:35.874 [http-nio-8080-exec-3] INFO  c.m.h.a.LogAspect - [doAfterReturning,37] - result : message
20:32:35.944 [http-nio-8080-exec-5] INFO  c.m.h.a.LogAspect - [doBefore,31] - Request : com.mayblackcat.helloblog.config.properties.LogProperties@11d3555a
20:32:35.979 [http-nio-8080-exec-5] INFO  c.m.h.a.LogAspect - [doAfterReturning,37] - result : message :: messageList
20:32:37.144 [http-nio-8080-exec-10] INFO  c.m.h.a.LogAspect - [doBefore,31] - Request : com.mayblackcat.helloblog.config.properties.LogProperties@2cb9faad
20:32:37.207 [http-nio-8080-exec-10] INFO  c.m.h.a.LogAspect - [doAfterReturning,37] - result : index
20:32:37.880 [http-nio-8080-exec-8] INFO  c.m.h.a.LogAspect - [doBefore,31] - Request : com.mayblackcat.helloblog.config.properties.LogProperties@779c7efe
20:32:37.881 [http-nio-8080-exec-8] INFO  c.m.h.a.LogAspect - [doAfterReturning,37] - result : message
20:32:37.939 [http-nio-8080-exec-7] INFO  c.m.h.a.LogAspect - [doBefore,31] - Request : com.mayblackcat.helloblog.config.properties.LogProperties@5eb3164
20:32:37.956 [http-nio-8080-exec-7] INFO  c.m.h.a.LogAspect - [doAfterReturning,37] - result : message :: messageList
20:33:41.216 [main] INFO  c.m.h.HelloblogApplication - [logStarting,55] - Starting HelloblogApplication on DESKTOP-L12NF9H with PID 14744 (D:\javaproject\helloblog\target\classes started by ASUS in D:\javaproject\helloblog)
20:33:41.221 [main] INFO  c.m.h.HelloblogApplication - [logStartupProfileInfo,651] - No active profile set, falling back to default profiles: default
20:33:42.325 [main] INFO  o.a.c.h.Http11NioProtocol - [log,173] - Initializing ProtocolHandler ["http-nio-8080"]
20:33:42.326 [main] INFO  o.a.c.c.StandardService - [log,173] - Starting service [Tomcat]
20:33:42.326 [main] INFO  o.a.c.c.StandardEngine - [log,173] - Starting Servlet engine: [Apache Tomcat/9.0.29]
20:33:42.382 [main] INFO  o.a.c.c.C.[.[.[/] - [log,173] - Initializing Spring embedded WebApplicationContext
20:33:42.488 [main] INFO  c.a.d.s.b.a.DruidDataSourceAutoConfigure - [dataSource,56] - Init DruidDataSource
20:33:42.560 [main] INFO  c.a.d.p.DruidDataSource - [init,985] - {dataSource-1} inited
20:33:43.008 [main] INFO  o.a.c.h.Http11NioProtocol - [log,173] - Starting ProtocolHandler ["http-nio-8080"]
20:33:43.025 [main] INFO  c.m.h.HelloblogApplication - [logStarted,61] - Started HelloblogApplication in 2.29 seconds (JVM running for 4.141)
20:33:51.990 [main] INFO  c.m.h.HelloblogApplication - [logStarting,55] - Starting HelloblogApplication on DESKTOP-L12NF9H with PID 6024 (D:\javaproject\helloblog\target\classes started by ASUS in D:\javaproject\helloblog)
20:33:51.994 [main] INFO  c.m.h.HelloblogApplication - [logStartupProfileInfo,651] - No active profile set, falling back to default profiles: default
20:33:53.169 [main] INFO  o.a.c.h.Http11NioProtocol - [log,173] - Initializing ProtocolHandler ["http-nio-8080"]
20:33:53.169 [main] INFO  o.a.c.c.StandardService - [log,173] - Starting service [Tomcat]
20:33:53.169 [main] INFO  o.a.c.c.StandardEngine - [log,173] - Starting Servlet engine: [Apache Tomcat/9.0.29]
20:33:53.225 [main] INFO  o.a.c.c.C.[.[.[/] - [log,173] - Initializing Spring embedded WebApplicationContext
20:33:53.326 [main] INFO  c.a.d.s.b.a.DruidDataSourceAutoConfigure - [dataSource,56] - Init DruidDataSource
20:33:53.399 [main] INFO  c.a.d.p.DruidDataSource - [init,985] - {dataSource-1} inited
20:33:53.828 [main] INFO  o.a.c.h.Http11NioProtocol - [log,173] - Starting ProtocolHandler ["http-nio-8080"]
20:33:53.845 [main] INFO  c.m.h.HelloblogApplication - [logStarted,61] - Started HelloblogApplication in 2.325 seconds (JVM running for 4.451)
20:33:54.098 [http-nio-8080-exec-1] INFO  o.a.c.c.C.[.[.[/] - [log,173] - Initializing Spring DispatcherServlet 'dispatcherServlet'
20:33:54.123 [http-nio-8080-exec-1] INFO  c.m.h.a.LogAspect - [doBefore,31] - Request : com.mayblackcat.helloblog.config.properties.LogProperties@5a07b41b
20:33:55.367 [http-nio-8080-exec-1] INFO  c.m.h.a.LogAspect - [doAfterReturning,37] - result : index
20:33:56.760 [http-nio-8080-exec-9] INFO  c.m.h.a.LogAspect - [doBefore,31] - Request : com.mayblackcat.helloblog.config.properties.LogProperties@54b9b7c0
20:33:56.765 [http-nio-8080-exec-9] INFO  c.m.h.a.LogAspect - [doAfterReturning,37] - result : message
20:33:56.829 [http-nio-8080-exec-6] INFO  c.m.h.a.LogAspect - [doBefore,31] - Request : com.mayblackcat.helloblog.config.properties.LogProperties@5895dbfc
20:33:56.859 [http-nio-8080-exec-6] INFO  c.m.h.a.LogAspect - [doAfterReturning,37] - result : message :: messageList
20:34:40.922 [main] INFO  c.m.h.HelloblogApplication - [logStarting,55] - Starting HelloblogApplication on DESKTOP-L12NF9H with PID 14780 (D:\javaproject\helloblog\target\classes started by ASUS in D:\javaproject\helloblog)
20:34:40.926 [main] INFO  c.m.h.HelloblogApplication - [logStartupProfileInfo,651] - No active profile set, falling back to default profiles: default
20:34:42.117 [main] INFO  o.a.c.h.Http11NioProtocol - [log,173] - Initializing ProtocolHandler ["http-nio-8080"]
20:34:42.118 [main] INFO  o.a.c.c.StandardService - [log,173] - Starting service [Tomcat]
20:34:42.118 [main] INFO  o.a.c.c.StandardEngine - [log,173] - Starting Servlet engine: [Apache Tomcat/9.0.29]
20:34:42.175 [main] INFO  o.a.c.c.C.[.[.[/] - [log,173] - Initializing Spring embedded WebApplicationContext
20:34:42.276 [main] INFO  c.a.d.s.b.a.DruidDataSourceAutoConfigure - [dataSource,56] - Init DruidDataSource
20:34:42.347 [main] INFO  c.a.d.p.DruidDataSource - [init,985] - {dataSource-1} inited
20:34:42.801 [main] INFO  o.a.c.h.Http11NioProtocol - [log,173] - Starting ProtocolHandler ["http-nio-8080"]
20:34:42.816 [main] INFO  c.m.h.HelloblogApplication - [logStarted,61] - Started HelloblogApplication in 2.482 seconds (JVM running for 3.939)
20:34:43.045 [http-nio-8080-exec-1] INFO  o.a.c.c.C.[.[.[/] - [log,173] - Initializing Spring DispatcherServlet 'dispatcherServlet'
20:34:43.069 [http-nio-8080-exec-1] INFO  c.m.h.a.LogAspect - [doBefore,31] - Request : com.mayblackcat.helloblog.config.properties.LogProperties@588b7b90
20:34:44.355 [http-nio-8080-exec-1] INFO  c.m.h.a.LogAspect - [doAfterReturning,37] - result : index
20:34:45.509 [http-nio-8080-exec-4] INFO  c.m.h.a.LogAspect - [doBefore,31] - Request : com.mayblackcat.helloblog.config.properties.LogProperties@42236a02
20:34:45.513 [http-nio-8080-exec-4] INFO  c.m.h.a.LogAspect - [doAfterReturning,37] - result : message
20:34:45.580 [http-nio-8080-exec-3] INFO  c.m.h.a.LogAspect - [doBefore,31] - Request : com.mayblackcat.helloblog.config.properties.LogProperties@b7b3307
20:34:45.615 [http-nio-8080-exec-3] INFO  c.m.h.a.LogAspect - [doAfterReturning,37] - result : message :: messageList
20:34:58.479 [http-nio-8080-exec-5] INFO  c.m.h.a.LogAspect - [doBefore,31] - Request : com.mayblackcat.helloblog.config.properties.LogProperties@41858f1
20:34:58.547 [http-nio-8080-exec-5] INFO  c.m.h.a.LogAspect - [doAfterReturning,37] - result : message :: messageList
20:35:01.348 [http-nio-8080-exec-6] INFO  c.m.h.a.LogAspect - [doBefore,31] - Request : com.mayblackcat.helloblog.config.properties.LogProperties@26316fea
20:35:01.415 [http-nio-8080-exec-6] INFO  c.m.h.a.LogAspect - [doAfterReturning,37] - result : index
20:35:02.183 [http-nio-8080-exec-7] INFO  c.m.h.a.LogAspect - [doBefore,31] - Request : com.mayblackcat.helloblog.config.properties.LogProperties@2b26ceca
20:35:02.183 [http-nio-8080-exec-7] INFO  c.m.h.a.LogAspect - [doAfterReturning,37] - result : message
20:35:02.234 [http-nio-8080-exec-8] INFO  c.m.h.a.LogAspect - [doBefore,31] - Request : com.mayblackcat.helloblog.config.properties.LogProperties@6c877e94
20:35:02.249 [http-nio-8080-exec-8] INFO  c.m.h.a.LogAspect - [doAfterReturning,37] - result : message :: messageList
20:35:18.735 [http-nio-8080-exec-9] INFO  c.m.h.a.LogAspect - [doBefore,31] - Request : com.mayblackcat.helloblog.config.properties.LogProperties@541750df
20:35:18.760 [http-nio-8080-exec-9] INFO  c.m.h.a.LogAspect - [doAfterReturning,37] - result : message :: messageList
20:36:03.968 [http-nio-8080-exec-4] INFO  c.m.h.a.LogAspect - [doBefore,31] - Request : com.mayblackcat.helloblog.config.properties.LogProperties@2cdefb2a
20:36:04.021 [http-nio-8080-exec-4] INFO  c.m.h.a.LogAspect - [doAfterReturning,37] - result : index
20:36:04.702 [http-nio-8080-exec-3] INFO  c.m.h.a.LogAspect - [doBefore,31] - Request : com.mayblackcat.helloblog.config.properties.LogProperties@3417785f
20:36:04.703 [http-nio-8080-exec-3] INFO  c.m.h.a.LogAspect - [doAfterReturning,37] - result : message
20:36:04.756 [http-nio-8080-exec-2] INFO  c.m.h.a.LogAspect - [doBefore,31] - Request : com.mayblackcat.helloblog.config.properties.LogProperties@78f8bce0
20:36:04.771 [http-nio-8080-exec-2] INFO  c.m.h.a.LogAspect - [doAfterReturning,37] - result : message :: messageList
20:36:47.148 [main] INFO  c.m.h.HelloblogApplication - [logStarting,55] - Starting HelloblogApplication on DESKTOP-L12NF9H with PID 18508 (D:\javaproject\helloblog\target\classes started by ASUS in D:\javaproject\helloblog)
20:36:47.151 [main] INFO  c.m.h.HelloblogApplication - [logStartupProfileInfo,651] - No active profile set, falling back to default profiles: default
20:36:48.107 [main] INFO  o.a.c.h.Http11NioProtocol - [log,173] - Initializing ProtocolHandler ["http-nio-8080"]
20:36:48.108 [main] INFO  o.a.c.c.StandardService - [log,173] - Starting service [Tomcat]
20:36:48.108 [main] INFO  o.a.c.c.StandardEngine - [log,173] - Starting Servlet engine: [Apache Tomcat/9.0.29]
20:36:48.160 [main] INFO  o.a.c.c.C.[.[.[/] - [log,173] - Initializing Spring embedded WebApplicationContext
20:36:48.250 [main] INFO  c.a.d.s.b.a.DruidDataSourceAutoConfigure - [dataSource,56] - Init DruidDataSource
20:36:48.311 [main] INFO  c.a.d.p.DruidDataSource - [init,985] - {dataSource-1} inited
20:36:48.719 [main] INFO  o.a.c.h.Http11NioProtocol - [log,173] - Starting ProtocolHandler ["http-nio-8080"]
20:36:48.734 [main] INFO  c.m.h.HelloblogApplication - [logStarted,61] - Started HelloblogApplication in 1.985 seconds (JVM running for 3.055)
20:36:53.285 [http-nio-8080-exec-1] INFO  o.a.c.c.C.[.[.[/] - [log,173] - Initializing Spring DispatcherServlet 'dispatcherServlet'
20:36:53.311 [http-nio-8080-exec-1] INFO  c.m.h.a.LogAspect - [doBefore,31] - Request : com.mayblackcat.helloblog.config.properties.LogProperties@5c72a27a
20:36:54.360 [http-nio-8080-exec-1] INFO  c.m.h.a.LogAspect - [doAfterReturning,37] - result : index
20:36:55.201 [http-nio-8080-exec-3] INFO  c.m.h.a.LogAspect - [doBefore,31] - Request : com.mayblackcat.helloblog.config.properties.LogProperties@48a2000d
20:36:55.206 [http-nio-8080-exec-3] INFO  c.m.h.a.LogAspect - [doAfterReturning,37] - result : message
20:36:55.273 [http-nio-8080-exec-4] INFO  c.m.h.a.LogAspect - [doBefore,31] - Request : com.mayblackcat.helloblog.config.properties.LogProperties@324681c9
20:36:55.318 [http-nio-8080-exec-4] INFO  c.m.h.a.LogAspect - [doAfterReturning,37] - result : message :: messageList
20:36:57.091 [http-nio-8080-exec-5] INFO  c.m.h.a.LogAspect - [doBefore,31] - Request : com.mayblackcat.helloblog.config.properties.LogProperties@590b9954
20:36:57.151 [http-nio-8080-exec-5] INFO  c.m.h.a.LogAspect - [doAfterReturning,37] - result : index
20:36:57.909 [http-nio-8080-exec-6] INFO  c.m.h.a.LogAspect - [doBefore,31] - Request : com.mayblackcat.helloblog.config.properties.LogProperties@69ec9d7c
20:36:57.910 [http-nio-8080-exec-6] INFO  c.m.h.a.LogAspect - [doAfterReturning,37] - result : message
20:36:57.956 [http-nio-8080-exec-7] INFO  c.m.h.a.LogAspect - [doBefore,31] - Request : com.mayblackcat.helloblog.config.properties.LogProperties@a54a7b9
20:36:57.973 [http-nio-8080-exec-7] INFO  c.m.h.a.LogAspect - [doAfterReturning,37] - result : message :: messageList
20:37:45.647 [main] INFO  c.m.h.HelloblogApplication - [logStarting,55] - Starting HelloblogApplication on DESKTOP-L12NF9H with PID 14272 (D:\javaproject\helloblog\target\classes started by ASUS in D:\javaproject\helloblog)
20:37:45.651 [main] INFO  c.m.h.HelloblogApplication - [logStartupProfileInfo,651] - No active profile set, falling back to default profiles: default
20:37:46.715 [main] INFO  o.a.c.h.Http11NioProtocol - [log,173] - Initializing ProtocolHandler ["http-nio-8080"]
20:37:46.715 [main] INFO  o.a.c.c.StandardService - [log,173] - Starting service [Tomcat]
20:37:46.715 [main] INFO  o.a.c.c.StandardEngine - [log,173] - Starting Servlet engine: [Apache Tomcat/9.0.29]
20:37:46.789 [main] INFO  o.a.c.c.C.[.[.[/] - [log,173] - Initializing Spring embedded WebApplicationContext
20:37:46.884 [main] INFO  c.a.d.s.b.a.DruidDataSourceAutoConfigure - [dataSource,56] - Init DruidDataSource
20:37:46.950 [main] INFO  c.a.d.p.DruidDataSource - [init,985] - {dataSource-1} inited
20:37:47.382 [main] INFO  o.a.c.h.Http11NioProtocol - [log,173] - Starting ProtocolHandler ["http-nio-8080"]
20:37:47.399 [main] INFO  c.m.h.HelloblogApplication - [logStarted,61] - Started HelloblogApplication in 2.332 seconds (JVM running for 4.034)
20:37:47.552 [http-nio-8080-exec-1] INFO  o.a.c.c.C.[.[.[/] - [log,173] - Initializing Spring DispatcherServlet 'dispatcherServlet'
20:37:47.578 [http-nio-8080-exec-1] INFO  c.m.h.a.LogAspect - [doBefore,31] - Request : com.mayblackcat.helloblog.config.properties.LogProperties@2d73aef
20:37:48.931 [http-nio-8080-exec-1] INFO  c.m.h.a.LogAspect - [doAfterReturning,37] - result : index
20:37:50.206 [http-nio-8080-exec-2] INFO  c.m.h.a.LogAspect - [doBefore,31] - Request : com.mayblackcat.helloblog.config.properties.LogProperties@f78530e
20:37:50.209 [http-nio-8080-exec-2] INFO  c.m.h.a.LogAspect - [doAfterReturning,37] - result : message
20:37:50.274 [http-nio-8080-exec-3] INFO  c.m.h.a.LogAspect - [doBefore,31] - Request : com.mayblackcat.helloblog.config.properties.LogProperties@3c786b47
20:37:50.314 [http-nio-8080-exec-3] INFO  c.m.h.a.LogAspect - [doAfterReturning,37] - result : message :: messageList
20:38:10.119 [http-nio-8080-exec-7] INFO  c.m.h.a.LogAspect - [doBefore,31] - Request : com.mayblackcat.helloblog.config.properties.LogProperties@49df2217
20:38:10.153 [http-nio-8080-exec-7] INFO  c.m.h.a.LogAspect - [doAfterReturning,37] - result : message :: messageList
21:45:02.412 [main] INFO  c.m.h.HelloblogApplication - [logStarting,55] - Starting HelloblogApplication on DESKTOP-L12NF9H with PID 13968 (D:\javaproject\helloblog\target\classes started by ASUS in D:\javaproject\helloblog)
21:45:02.442 [main] INFO  c.m.h.HelloblogApplication - [logStartupProfileInfo,651] - No active profile set, falling back to default profiles: default
21:45:08.039 [main] INFO  o.a.c.h.Http11NioProtocol - [log,173] - Initializing ProtocolHandler ["http-nio-8080"]
21:45:08.044 [main] INFO  o.a.c.c.StandardService - [log,173] - Starting service [Tomcat]
21:45:08.045 [main] INFO  o.a.c.c.StandardEngine - [log,173] - Starting Servlet engine: [Apache Tomcat/9.0.29]
21:45:08.511 [main] INFO  o.a.c.c.C.[.[.[/] - [log,173] - Initializing Spring embedded WebApplicationContext
21:45:08.905 [main] INFO  c.a.d.s.b.a.DruidDataSourceAutoConfigure - [dataSource,56] - Init DruidDataSource
21:45:09.552 [main] INFO  c.a.d.p.DruidDataSource - [init,985] - {dataSource-1} inited
21:45:11.432 [main] INFO  o.a.c.h.Http11NioProtocol - [log,173] - Starting ProtocolHandler ["http-nio-8080"]
21:45:11.484 [main] INFO  c.m.h.HelloblogApplication - [logStarted,61] - Started HelloblogApplication in 12.713 seconds (JVM running for 16.722)
21:45:11.756 [http-nio-8080-exec-1] INFO  o.a.c.c.C.[.[.[/] - [log,173] - Initializing Spring DispatcherServlet 'dispatcherServlet'
21:45:11.815 [http-nio-8080-exec-1] INFO  c.m.h.a.LogAspect - [doBefore,31] - Request : com.mayblackcat.helloblog.config.properties.LogProperties@44bf026f
21:45:14.476 [http-nio-8080-exec-1] INFO  c.m.h.a.LogAspect - [doAfterReturning,37] - result : index
21:45:21.647 [http-nio-8080-exec-3] INFO  c.m.h.a.LogAspect - [doBefore,31] - Request : com.mayblackcat.helloblog.config.properties.LogProperties@60c0f20a
21:45:21.651 [http-nio-8080-exec-3] INFO  c.m.h.a.LogAspect - [doAfterReturning,37] - result : message
21:45:21.740 [http-nio-8080-exec-5] INFO  c.m.h.a.LogAspect - [doBefore,31] - Request : com.mayblackcat.helloblog.config.properties.LogProperties@43dfaed2
21:45:21.754 [http-nio-8080-exec-5] INFO  c.m.h.a.LogAspect - [doAfterReturning,37] - result : message :: messageList
21:45:33.369 [http-nio-8080-exec-7] INFO  c.m.h.a.LogAspect - [doBefore,31] - Request : com.mayblackcat.helloblog.config.properties.LogProperties@362e9166
21:45:33.389 [http-nio-8080-exec-7] INFO  c.m.h.a.LogAspect - [doAfterReturning,37] - result : message :: messageList
21:55:37.245 [main] INFO  c.m.h.HelloblogApplication - [logStarting,55] - Starting HelloblogApplication on DESKTOP-L12NF9H with PID 15524 (D:\javaproject\helloblog\target\classes started by ASUS in D:\javaproject\helloblog)
21:55:37.248 [main] INFO  c.m.h.HelloblogApplication - [logStartupProfileInfo,651] - No active profile set, falling back to default profiles: default
21:55:38.153 [main] INFO  o.a.c.h.Http11NioProtocol - [log,173] - Initializing ProtocolHandler ["http-nio-8080"]
21:55:38.153 [main] INFO  o.a.c.c.StandardService - [log,173] - Starting service [Tomcat]
21:55:38.153 [main] INFO  o.a.c.c.StandardEngine - [log,173] - Starting Servlet engine: [Apache Tomcat/9.0.29]
21:55:38.207 [main] INFO  o.a.c.c.C.[.[.[/] - [log,173] - Initializing Spring embedded WebApplicationContext
21:55:38.300 [main] INFO  c.a.d.s.b.a.DruidDataSourceAutoConfigure - [dataSource,56] - Init DruidDataSource
21:55:38.363 [main] INFO  c.a.d.p.DruidDataSource - [init,985] - {dataSource-1} inited
21:55:38.779 [main] INFO  o.a.c.h.Http11NioProtocol - [log,173] - Starting ProtocolHandler ["http-nio-8080"]
21:55:38.795 [main] INFO  c.m.h.HelloblogApplication - [logStarted,61] - Started HelloblogApplication in 1.956 seconds (JVM running for 3.049)
22:00:59.158 [main] INFO  c.m.h.HelloblogApplication - [logStarting,55] - Starting HelloblogApplication on DESKTOP-L12NF9H with PID 15904 (D:\javaproject\helloblog\target\classes started by ASUS in D:\javaproject\helloblog)
22:00:59.161 [main] INFO  c.m.h.HelloblogApplication - [logStartupProfileInfo,651] - No active profile set, falling back to default profiles: default
22:01:00.090 [main] INFO  o.a.c.h.Http11NioProtocol - [log,173] - Initializing ProtocolHandler ["http-nio-8080"]
22:01:00.091 [main] INFO  o.a.c.c.StandardService - [log,173] - Starting service [Tomcat]
22:01:00.091 [main] INFO  o.a.c.c.StandardEngine - [log,173] - Starting Servlet engine: [Apache Tomcat/9.0.29]
22:01:00.147 [main] INFO  o.a.c.c.C.[.[.[/] - [log,173] - Initializing Spring embedded WebApplicationContext
22:01:00.254 [main] INFO  c.a.d.s.b.a.DruidDataSourceAutoConfigure - [dataSource,56] - Init DruidDataSource
22:01:00.332 [main] INFO  c.a.d.p.DruidDataSource - [init,985] - {dataSource-1} inited
22:01:00.802 [main] INFO  o.a.c.h.Http11NioProtocol - [log,173] - Starting ProtocolHandler ["http-nio-8080"]
22:01:00.819 [main] INFO  c.m.h.HelloblogApplication - [logStarted,61] - Started HelloblogApplication in 2.072 seconds (JVM running for 3.157)
22:02:28.937 [main] INFO  c.m.h.HelloblogApplication - [logStarting,55] - Starting HelloblogApplication on DESKTOP-L12NF9H with PID 19812 (D:\javaproject\helloblog\target\classes started by ASUS in D:\javaproject\helloblog)
22:02:28.943 [main] INFO  c.m.h.HelloblogApplication - [logStartupProfileInfo,651] - No active profile set, falling back to default profiles: default
22:02:29.965 [main] INFO  o.a.c.h.Http11NioProtocol - [log,173] - Initializing ProtocolHandler ["http-nio-8080"]
22:02:29.965 [main] INFO  o.a.c.c.StandardService - [log,173] - Starting service [Tomcat]
22:02:29.966 [main] INFO  o.a.c.c.StandardEngine - [log,173] - Starting Servlet engine: [Apache Tomcat/9.0.29]
22:02:30.030 [main] INFO  o.a.c.c.C.[.[.[/] - [log,173] - Initializing Spring embedded WebApplicationContext
22:02:30.148 [main] INFO  c.a.d.s.b.a.DruidDataSourceAutoConfigure - [dataSource,56] - Init DruidDataSource
22:02:30.233 [main] INFO  c.a.d.p.DruidDataSource - [init,985] - {dataSource-1} inited
22:02:30.734 [main] INFO  o.a.c.h.Http11NioProtocol - [log,173] - Starting ProtocolHandler ["http-nio-8080"]
22:02:30.755 [main] INFO  c.m.h.HelloblogApplication - [logStarted,61] - Started HelloblogApplication in 2.378 seconds (JVM running for 4.099)
22:02:41.327 [http-nio-8080-exec-1] INFO  o.a.c.c.C.[.[.[/] - [log,173] - Initializing Spring DispatcherServlet 'dispatcherServlet'
22:02:41.354 [http-nio-8080-exec-1] INFO  c.m.h.a.LogAspect - [doBefore,31] - Request : com.mayblackcat.helloblog.config.properties.LogProperties@2ad406f8
22:02:42.401 [http-nio-8080-exec-1] INFO  c.m.h.a.LogAspect - [doAfterReturning,37] - result : index
22:02:43.452 [http-nio-8080-exec-4] INFO  c.m.h.a.LogAspect - [doBefore,31] - Request : com.mayblackcat.helloblog.config.properties.LogProperties@6df85f5
22:02:43.454 [http-nio-8080-exec-4] INFO  c.m.h.a.LogAspect - [doAfterReturning,37] - result : message
22:02:43.524 [http-nio-8080-exec-5] INFO  c.m.h.a.LogAspect - [doBefore,31] - Request : com.mayblackcat.helloblog.config.properties.LogProperties@5fa6c3ed
22:02:43.534 [http-nio-8080-exec-5] INFO  c.m.h.a.LogAspect - [doAfterReturning,37] - result : message :: messageList
22:05:23.376 [main] INFO  c.m.h.HelloblogApplication - [logStarting,55] - Starting HelloblogApplication on DESKTOP-L12NF9H with PID 24128 (D:\javaproject\helloblog\target\classes started by ASUS in D:\javaproject\helloblog)
22:05:23.380 [main] INFO  c.m.h.HelloblogApplication - [logStartupProfileInfo,651] - No active profile set, falling back to default profiles: default
22:05:24.319 [main] INFO  o.a.c.h.Http11NioProtocol - [log,173] - Initializing ProtocolHandler ["http-nio-8080"]
22:05:24.319 [main] INFO  o.a.c.c.StandardService - [log,173] - Starting service [Tomcat]
22:05:24.320 [main] INFO  o.a.c.c.StandardEngine - [log,173] - Starting Servlet engine: [Apache Tomcat/9.0.29]
22:05:24.373 [main] INFO  o.a.c.c.C.[.[.[/] - [log,173] - Initializing Spring embedded WebApplicationContext
22:05:24.465 [main] INFO  c.a.d.s.b.a.DruidDataSourceAutoConfigure - [dataSource,56] - Init DruidDataSource
22:05:24.529 [main] INFO  c.a.d.p.DruidDataSource - [init,985] - {dataSource-1} inited
22:05:24.963 [main] INFO  o.a.c.h.Http11NioProtocol - [log,173] - Starting ProtocolHandler ["http-nio-8080"]
22:05:24.979 [main] INFO  c.m.h.HelloblogApplication - [logStarted,61] - Started HelloblogApplication in 2.041 seconds (JVM running for 3.165)
22:05:37.331 [main] INFO  c.m.h.HelloblogApplication - [logStarting,55] - Starting HelloblogApplication on DESKTOP-L12NF9H with PID 6072 (D:\javaproject\helloblog\target\classes started by ASUS in D:\javaproject\helloblog)
22:05:37.338 [main] INFO  c.m.h.HelloblogApplication - [logStartupProfileInfo,651] - No active profile set, falling back to default profiles: default
22:05:38.252 [main] INFO  o.a.c.h.Http11NioProtocol - [log,173] - Initializing ProtocolHandler ["http-nio-8080"]
22:05:38.253 [main] INFO  o.a.c.c.StandardService - [log,173] - Starting service [Tomcat]
22:05:38.253 [main] INFO  o.a.c.c.StandardEngine - [log,173] - Starting Servlet engine: [Apache Tomcat/9.0.29]
22:05:38.308 [main] INFO  o.a.c.c.C.[.[.[/] - [log,173] - Initializing Spring embedded WebApplicationContext
22:05:38.408 [main] INFO  c.a.d.s.b.a.DruidDataSourceAutoConfigure - [dataSource,56] - Init DruidDataSource
22:05:38.474 [main] INFO  c.a.d.p.DruidDataSource - [init,985] - {dataSource-1} inited
22:05:38.909 [main] INFO  o.a.c.h.Http11NioProtocol - [log,173] - Starting ProtocolHandler ["http-nio-8080"]
22:05:38.925 [main] INFO  c.m.h.HelloblogApplication - [logStarted,61] - Started HelloblogApplication in 2.079 seconds (JVM running for 3.786)
22:08:25.731 [main] INFO  c.m.h.HelloblogApplication - [logStarting,55] - Starting HelloblogApplication on DESKTOP-L12NF9H with PID 11352 (D:\javaproject\helloblog\target\classes started by ASUS in D:\javaproject\helloblog)
22:08:25.735 [main] INFO  c.m.h.HelloblogApplication - [logStartupProfileInfo,651] - No active profile set, falling back to default profiles: default
22:08:26.654 [main] INFO  o.a.c.h.Http11NioProtocol - [log,173] - Initializing ProtocolHandler ["http-nio-8080"]
22:08:26.654 [main] INFO  o.a.c.c.StandardService - [log,173] - Starting service [Tomcat]
22:08:26.654 [main] INFO  o.a.c.c.StandardEngine - [log,173] - Starting Servlet engine: [Apache Tomcat/9.0.29]
22:08:26.711 [main] INFO  o.a.c.c.C.[.[.[/] - [log,173] - Initializing Spring embedded WebApplicationContext
22:08:26.806 [main] INFO  c.a.d.s.b.a.DruidDataSourceAutoConfigure - [dataSource,56] - Init DruidDataSource
22:08:26.869 [main] INFO  c.a.d.p.DruidDataSource - [init,985] - {dataSource-1} inited
22:08:27.285 [main] INFO  o.a.c.h.Http11NioProtocol - [log,173] - Starting ProtocolHandler ["http-nio-8080"]
22:08:27.302 [main] INFO  c.m.h.HelloblogApplication - [logStarted,61] - Started HelloblogApplication in 1.997 seconds (JVM running for 3.141)
22:09:52.502 [main] INFO  c.m.h.HelloblogApplication - [logStarting,55] - Starting HelloblogApplication on DESKTOP-L12NF9H with PID 22444 (D:\javaproject\helloblog\target\classes started by ASUS in D:\javaproject\helloblog)
22:09:52.508 [main] INFO  c.m.h.HelloblogApplication - [logStartupProfileInfo,651] - No active profile set, falling back to default profiles: default
22:09:53.474 [main] INFO  o.a.c.h.Http11NioProtocol - [log,173] - Initializing ProtocolHandler ["http-nio-8080"]
22:09:53.475 [main] INFO  o.a.c.c.StandardService - [log,173] - Starting service [Tomcat]
22:09:53.475 [main] INFO  o.a.c.c.StandardEngine - [log,173] - Starting Servlet engine: [Apache Tomcat/9.0.29]
22:09:53.527 [main] INFO  o.a.c.c.C.[.[.[/] - [log,173] - Initializing Spring embedded WebApplicationContext
22:09:53.624 [main] INFO  c.a.d.s.b.a.DruidDataSourceAutoConfigure - [dataSource,56] - Init DruidDataSource
22:09:53.692 [main] INFO  c.a.d.p.DruidDataSource - [init,985] - {dataSource-1} inited
22:09:54.136 [main] INFO  o.a.c.h.Http11NioProtocol - [log,173] - Starting ProtocolHandler ["http-nio-8080"]
22:09:54.151 [main] INFO  c.m.h.HelloblogApplication - [logStarted,61] - Started HelloblogApplication in 2.125 seconds (JVM running for 3.309)
22:09:56.476 [http-nio-8080-exec-1] INFO  o.a.c.c.C.[.[.[/] - [log,173] - Initializing Spring DispatcherServlet 'dispatcherServlet'
22:09:56.506 [http-nio-8080-exec-1] INFO  c.m.h.a.LogAspect - [doBefore,31] - Request : com.mayblackcat.helloblog.config.properties.LogProperties@5ae7d0d9
22:09:57.553 [http-nio-8080-exec-1] INFO  c.m.h.a.LogAspect - [doAfterReturning,37] - result : index
22:09:58.525 [http-nio-8080-exec-2] INFO  c.m.h.a.LogAspect - [doBefore,31] - Request : com.mayblackcat.helloblog.config.properties.LogProperties@3c786b47
22:09:58.603 [http-nio-8080-exec-2] INFO  c.m.h.a.LogAspect - [doAfterReturning,37] - result : index
22:09:59.254 [http-nio-8080-exec-5] INFO  c.m.h.a.LogAspect - [doBefore,31] - Request : com.mayblackcat.helloblog.config.properties.LogProperties@4e1310aa
22:09:59.257 [http-nio-8080-exec-5] INFO  c.m.h.a.LogAspect - [doAfterReturning,37] - result : message
22:09:59.335 [http-nio-8080-exec-6] INFO  c.m.h.a.LogAspect - [doBefore,31] - Request : com.mayblackcat.helloblog.config.properties.LogProperties@5eb3164
22:09:59.351 [http-nio-8080-exec-6] INFO  c.m.h.a.LogAspect - [doAfterReturning,37] - result : message :: messageList
22:13:25.899 [main] INFO  c.m.h.HelloblogApplication - [logStarting,55] - Starting HelloblogApplication on DESKTOP-L12NF9H with PID 11660 (D:\javaproject\helloblog\target\classes started by ASUS in D:\javaproject\helloblog)
22:13:25.901 [main] INFO  c.m.h.HelloblogApplication - [logStartupProfileInfo,651] - No active profile set, falling back to default profiles: default
22:13:26.853 [main] INFO  o.a.c.h.Http11NioProtocol - [log,173] - Initializing ProtocolHandler ["http-nio-8080"]
22:13:26.854 [main] INFO  o.a.c.c.StandardService - [log,173] - Starting service [Tomcat]
22:13:26.854 [main] INFO  o.a.c.c.StandardEngine - [log,173] - Starting Servlet engine: [Apache Tomcat/9.0.29]
22:13:26.918 [main] INFO  o.a.c.c.C.[.[.[/] - [log,173] - Initializing Spring embedded WebApplicationContext
22:13:27.020 [main] INFO  c.a.d.s.b.a.DruidDataSourceAutoConfigure - [dataSource,56] - Init DruidDataSource
22:13:27.083 [main] INFO  c.a.d.p.DruidDataSource - [init,985] - {dataSource-1} inited
22:13:27.557 [main] INFO  o.a.c.h.Http11NioProtocol - [log,173] - Starting ProtocolHandler ["http-nio-8080"]
22:13:27.576 [main] INFO  c.m.h.HelloblogApplication - [logStarted,61] - Started HelloblogApplication in 2.091 seconds (JVM running for 3.496)
22:13:32.651 [http-nio-8080-exec-1] INFO  o.a.c.c.C.[.[.[/] - [log,173] - Initializing Spring DispatcherServlet 'dispatcherServlet'
22:13:32.692 [http-nio-8080-exec-1] INFO  c.m.h.a.LogAspect - [doBefore,31] - Request : com.mayblackcat.helloblog.config.properties.LogProperties@2f8e488d
22:13:33.699 [http-nio-8080-exec-1] INFO  c.m.h.a.LogAspect - [doAfterReturning,37] - result : index
22:13:36.166 [http-nio-8080-exec-4] INFO  c.m.h.a.LogAspect - [doBefore,31] - Request : com.mayblackcat.helloblog.config.properties.LogProperties@745dd1ed
22:13:36.169 [http-nio-8080-exec-4] INFO  c.m.h.a.LogAspect - [doAfterReturning,37] - result : message
22:13:36.237 [http-nio-8080-exec-2] INFO  c.m.h.a.LogAspect - [doBefore,31] - Request : com.mayblackcat.helloblog.config.properties.LogProperties@14b71513
22:13:36.246 [http-nio-8080-exec-2] INFO  c.m.h.a.LogAspect - [doAfterReturning,37] - result : message :: messageList
22:14:15.220 [http-nio-8080-exec-1] INFO  c.m.h.a.LogAspect - [doBefore,31] - Request : com.mayblackcat.helloblog.config.properties.LogProperties@536a004a
22:14:15.284 [http-nio-8080-exec-1] INFO  c.m.h.a.LogAspect - [doAfterReturning,37] - result : index
22:14:15.866 [http-nio-8080-exec-3] INFO  c.m.h.a.LogAspect - [doBefore,31] - Request : com.mayblackcat.helloblog.config.properties.LogProperties@7ab74d24
22:14:15.867 [http-nio-8080-exec-3] INFO  c.m.h.a.LogAspect - [doAfterReturning,37] - result : message
22:14:15.922 [http-nio-8080-exec-4] INFO  c.m.h.a.LogAspect - [doBefore,31] - Request : com.mayblackcat.helloblog.config.properties.LogProperties@59f4f222
22:14:15.931 [http-nio-8080-exec-4] INFO  c.m.h.a.LogAspect - [doAfterReturning,37] - result : message :: messageList
22:14:38.995 [http-nio-8080-exec-1] INFO  c.m.h.a.LogAspect - [doBefore,31] - Request : com.mayblackcat.helloblog.config.properties.LogProperties@4ee0e76a
22:14:39.048 [http-nio-8080-exec-1] INFO  c.m.h.a.LogAspect - [doAfterReturning,37] - result : index
22:14:39.596 [http-nio-8080-exec-2] INFO  c.m.h.a.LogAspect - [doBefore,31] - Request : com.mayblackcat.helloblog.config.properties.LogProperties@1264bc74
22:14:39.597 [http-nio-8080-exec-2] INFO  c.m.h.a.LogAspect - [doAfterReturning,37] - result : message
22:14:39.652 [http-nio-8080-exec-5] INFO  c.m.h.a.LogAspect - [doBefore,31] - Request : com.mayblackcat.helloblog.config.properties.LogProperties@60bf4950
22:14:39.657 [http-nio-8080-exec-5] INFO  c.m.h.a.LogAspect - [doAfterReturning,37] - result : message :: messageList
22:15:33.211 [main] INFO  c.m.h.HelloblogApplication - [logStarting,55] - Starting HelloblogApplication on DESKTOP-L12NF9H with PID 20784 (D:\javaproject\helloblog\target\classes started by ASUS in D:\javaproject\helloblog)
22:15:33.215 [main] INFO  c.m.h.HelloblogApplication - [logStartupProfileInfo,651] - No active profile set, falling back to default profiles: default
22:15:34.188 [main] INFO  o.a.c.h.Http11NioProtocol - [log,173] - Initializing ProtocolHandler ["http-nio-8080"]
22:15:34.189 [main] INFO  o.a.c.c.StandardService - [log,173] - Starting service [Tomcat]
22:15:34.189 [main] INFO  o.a.c.c.StandardEngine - [log,173] - Starting Servlet engine: [Apache Tomcat/9.0.29]
22:15:34.244 [main] INFO  o.a.c.c.C.[.[.[/] - [log,173] - Initializing Spring embedded WebApplicationContext
22:15:34.338 [main] INFO  c.a.d.s.b.a.DruidDataSourceAutoConfigure - [dataSource,56] - Init DruidDataSource
22:15:34.412 [main] INFO  c.a.d.p.DruidDataSource - [init,985] - {dataSource-1} inited
22:15:34.850 [main] INFO  o.a.c.h.Http11NioProtocol - [log,173] - Starting ProtocolHandler ["http-nio-8080"]
22:15:34.866 [main] INFO  c.m.h.HelloblogApplication - [logStarted,61] - Started HelloblogApplication in 2.083 seconds (JVM running for 3.215)
22:15:34.942 [http-nio-8080-exec-1] INFO  o.a.c.c.C.[.[.[/] - [log,173] - Initializing Spring DispatcherServlet 'dispatcherServlet'
22:15:34.961 [http-nio-8080-exec-1] INFO  c.m.h.a.LogAspect - [doBefore,31] - Request : com.mayblackcat.helloblog.config.properties.LogProperties@5cde7130
22:15:34.964 [http-nio-8080-exec-1] INFO  c.m.h.a.LogAspect - [doAfterReturning,37] - result : message
22:15:35.297 [http-nio-8080-exec-2] INFO  c.m.h.a.LogAspect - [doBefore,31] - Request : com.mayblackcat.helloblog.config.properties.LogProperties@38b1c407
22:15:35.963 [http-nio-8080-exec-5] INFO  c.m.h.a.LogAspect - [doBefore,31] - Request : com.mayblackcat.helloblog.config.properties.LogProperties@512ed4e8
22:15:36.591 [http-nio-8080-exec-2] INFO  c.m.h.a.LogAspect - [doAfterReturning,37] - result : message :: messageList
22:15:36.692 [http-nio-8080-exec-5] INFO  c.m.h.a.LogAspect - [doAfterReturning,37] - result : index
22:15:37.539 [http-nio-8080-exec-4] INFO  c.m.h.a.LogAspect - [doBefore,31] - Request : com.mayblackcat.helloblog.config.properties.LogProperties@a8c7f77
22:15:37.539 [http-nio-8080-exec-4] INFO  c.m.h.a.LogAspect - [doAfterReturning,37] - result : message
22:15:37.587 [http-nio-8080-exec-3] INFO  c.m.h.a.LogAspect - [doBefore,31] - Request : com.mayblackcat.helloblog.config.properties.LogProperties@35379ada
22:15:37.596 [http-nio-8080-exec-3] INFO  c.m.h.a.LogAspect - [doAfterReturning,37] - result : message :: messageList
22:15:45.475 [http-nio-8080-exec-9] INFO  c.m.h.a.LogAspect - [doBefore,31] - Request : com.mayblackcat.helloblog.config.properties.LogProperties@41858f1
22:15:45.476 [http-nio-8080-exec-9] INFO  c.m.h.a.LogAspect - [doBefore,31] - Request : com.mayblackcat.helloblog.config.properties.LogProperties@13b8f315
22:15:45.529 [http-nio-8080-exec-9] INFO  c.m.h.a.LogAspect - [doAfterReturning,37] - result : ModelAndView [view="error/business"; model={url=http://localhost:8080/message, exception=java.lang.NullPointerException}]
22:18:42.777 [main] INFO  c.m.h.HelloblogApplication - [logStarting,55] - Starting HelloblogApplication on DESKTOP-L12NF9H with PID 20208 (D:\javaproject\helloblog\target\classes started by ASUS in D:\javaproject\helloblog)
22:18:42.782 [main] INFO  c.m.h.HelloblogApplication - [logStartupProfileInfo,651] - No active profile set, falling back to default profiles: default
22:18:43.734 [main] INFO  o.a.c.h.Http11NioProtocol - [log,173] - Initializing ProtocolHandler ["http-nio-8080"]
22:18:43.734 [main] INFO  o.a.c.c.StandardService - [log,173] - Starting service [Tomcat]
22:18:43.734 [main] INFO  o.a.c.c.StandardEngine - [log,173] - Starting Servlet engine: [Apache Tomcat/9.0.29]
22:18:43.794 [main] INFO  o.a.c.c.C.[.[.[/] - [log,173] - Initializing Spring embedded WebApplicationContext
22:18:43.900 [main] INFO  c.a.d.s.b.a.DruidDataSourceAutoConfigure - [dataSource,56] - Init DruidDataSource
22:18:43.962 [main] INFO  c.a.d.p.DruidDataSource - [init,985] - {dataSource-1} inited
22:18:44.647 [main] INFO  o.a.c.h.Http11NioProtocol - [log,173] - Starting ProtocolHandler ["http-nio-8080"]
22:18:44.664 [main] INFO  c.m.h.HelloblogApplication - [logStarted,61] - Started HelloblogApplication in 2.565 seconds (JVM running for 4.255)
22:19:04.476 [main] INFO  c.m.h.HelloblogApplication - [logStarting,55] - Starting HelloblogApplication on DESKTOP-L12NF9H with PID 24512 (D:\javaproject\helloblog\target\classes started by ASUS in D:\javaproject\helloblog)
22:19:04.481 [main] INFO  c.m.h.HelloblogApplication - [logStartupProfileInfo,651] - No active profile set, falling back to default profiles: default
22:19:05.464 [main] INFO  o.a.c.h.Http11NioProtocol - [log,173] - Initializing ProtocolHandler ["http-nio-8080"]
22:19:05.465 [main] INFO  o.a.c.c.StandardService - [log,173] - Starting service [Tomcat]
22:19:05.465 [main] INFO  o.a.c.c.StandardEngine - [log,173] - Starting Servlet engine: [Apache Tomcat/9.0.29]
22:19:05.517 [main] INFO  o.a.c.c.C.[.[.[/] - [log,173] - Initializing Spring embedded WebApplicationContext
22:19:05.625 [main] INFO  c.a.d.s.b.a.DruidDataSourceAutoConfigure - [dataSource,56] - Init DruidDataSource
22:19:05.690 [main] INFO  c.a.d.p.DruidDataSource - [init,985] - {dataSource-1} inited
22:19:06.111 [main] INFO  o.a.c.h.Http11NioProtocol - [log,173] - Starting ProtocolHandler ["http-nio-8080"]
22:19:06.127 [main] INFO  c.m.h.HelloblogApplication - [logStarted,61] - Started HelloblogApplication in 2.066 seconds (JVM running for 3.262)
22:19:21.110 [http-nio-8080-exec-1] INFO  o.a.c.c.C.[.[.[/] - [log,173] - Initializing Spring DispatcherServlet 'dispatcherServlet'
22:19:21.149 [http-nio-8080-exec-1] INFO  c.m.h.a.LogAspect - [doBefore,31] - Request : com.mayblackcat.helloblog.config.properties.LogProperties@2d73aef
22:19:22.216 [http-nio-8080-exec-1] INFO  c.m.h.a.LogAspect - [doAfterReturning,37] - result : index
22:19:23.595 [http-nio-8080-exec-2] INFO  c.m.h.a.LogAspect - [doBefore,31] - Request : com.mayblackcat.helloblog.config.properties.LogProperties@f78530e
22:19:23.599 [http-nio-8080-exec-2] INFO  c.m.h.a.LogAspect - [doAfterReturning,37] - result : message
22:19:23.675 [http-nio-8080-exec-3] INFO  c.m.h.a.LogAspect - [doBefore,31] - Request : com.mayblackcat.helloblog.config.properties.LogProperties@3c786b47
22:19:23.684 [http-nio-8080-exec-3] INFO  c.m.h.a.LogAspect - [doAfterReturning,37] - result : message :: messageList
22:19:40.451 [http-nio-8080-exec-6] INFO  c.m.h.a.LogAspect - [doBefore,31] - Request : com.mayblackcat.helloblog.config.properties.LogProperties@6ed596f9
22:19:40.470 [http-nio-8080-exec-6] INFO  c.m.h.a.LogAspect - [doAfterReturning,37] - result : message :: messageList
22:19:52.832 [http-nio-8080-exec-7] INFO  c.m.h.a.LogAspect - [doBefore,31] - Request : com.mayblackcat.helloblog.config.properties.LogProperties@5eb3164
22:19:52.850 [http-nio-8080-exec-7] INFO  c.m.h.a.LogAspect - [doAfterReturning,37] - result : message :: messageList
22:23:15.128 [main] INFO  c.m.h.HelloblogApplication - [logStarting,55] - Starting HelloblogApplication on DESKTOP-L12NF9H with PID 23292 (D:\javaproject\helloblog\target\classes started by ASUS in D:\javaproject\helloblog)
22:23:15.133 [main] INFO  c.m.h.HelloblogApplication - [logStartupProfileInfo,651] - No active profile set, falling back to default profiles: default
22:23:16.108 [main] INFO  o.a.c.h.Http11NioProtocol - [log,173] - Initializing ProtocolHandler ["http-nio-8080"]
22:23:16.109 [main] INFO  o.a.c.c.StandardService - [log,173] - Starting service [Tomcat]
22:23:16.109 [main] INFO  o.a.c.c.StandardEngine - [log,173] - Starting Servlet engine: [Apache Tomcat/9.0.29]
22:23:16.162 [main] INFO  o.a.c.c.C.[.[.[/] - [log,173] - Initializing Spring embedded WebApplicationContext
22:23:16.266 [main] INFO  c.a.d.s.b.a.DruidDataSourceAutoConfigure - [dataSource,56] - Init DruidDataSource
22:23:16.334 [main] INFO  c.a.d.p.DruidDataSource - [init,985] - {dataSource-1} inited
22:23:16.767 [main] INFO  o.a.c.h.Http11NioProtocol - [log,173] - Starting ProtocolHandler ["http-nio-8080"]
22:23:16.785 [main] INFO  c.m.h.HelloblogApplication - [logStarted,61] - Started HelloblogApplication in 2.073 seconds (JVM running for 3.389)
22:27:49.133 [http-nio-8080-exec-1] INFO  o.a.c.c.C.[.[.[/] - [log,173] - Initializing Spring DispatcherServlet 'dispatcherServlet'
22:27:49.190 [http-nio-8080-exec-1] INFO  c.m.h.a.LogAspect - [doBefore,31] - Request : com.mayblackcat.helloblog.config.properties.LogProperties@d43ea01
22:27:50.672 [http-nio-8080-exec-1] INFO  c.m.h.a.LogAspect - [doAfterReturning,37] - result : index
22:36:20.376 [main] INFO  c.m.h.HelloblogApplication - [logStarting,55] - Starting HelloblogApplication on DESKTOP-L12NF9H with PID 23548 (D:\javaproject\helloblog\target\classes started by ASUS in D:\javaproject\helloblog)
22:36:20.379 [main] INFO  c.m.h.HelloblogApplication - [logStartupProfileInfo,651] - No active profile set, falling back to default profiles: default
22:36:21.338 [main] INFO  o.a.c.h.Http11NioProtocol - [log,173] - Initializing ProtocolHandler ["http-nio-8080"]
22:36:21.338 [main] INFO  o.a.c.c.StandardService - [log,173] - Starting service [Tomcat]
22:36:21.338 [main] INFO  o.a.c.c.StandardEngine - [log,173] - Starting Servlet engine: [Apache Tomcat/9.0.29]
22:36:21.391 [main] INFO  o.a.c.c.C.[.[.[/] - [log,173] - Initializing Spring embedded WebApplicationContext
22:36:21.486 [main] INFO  c.a.d.s.b.a.DruidDataSourceAutoConfigure - [dataSource,56] - Init DruidDataSource
22:36:21.550 [main] INFO  c.a.d.p.DruidDataSource - [init,985] - {dataSource-1} inited
22:36:21.995 [main] INFO  o.a.c.h.Http11NioProtocol - [log,173] - Starting ProtocolHandler ["http-nio-8080"]
22:36:22.012 [main] INFO  c.m.h.HelloblogApplication - [logStarted,61] - Started HelloblogApplication in 2.058 seconds (JVM running for 3.156)
22:36:26.528 [http-nio-8080-exec-1] INFO  o.a.c.c.C.[.[.[/] - [log,173] - Initializing Spring DispatcherServlet 'dispatcherServlet'
22:36:26.557 [http-nio-8080-exec-1] INFO  c.m.h.a.LogAspect - [doBefore,31] - Request : com.mayblackcat.helloblog.config.properties.LogProperties@2f8e488d
22:36:27.755 [http-nio-8080-exec-1] INFO  c.m.h.a.LogAspect - [doAfterReturning,37] - result : index
22:36:29.407 [http-nio-8080-exec-3] INFO  c.m.h.a.LogAspect - [doBefore,31] - Request : com.mayblackcat.helloblog.config.properties.LogProperties@6d3f88ac
22:36:29.410 [http-nio-8080-exec-3] INFO  c.m.h.a.LogAspect - [doAfterReturning,37] - result : message
22:36:29.476 [http-nio-8080-exec-4] INFO  c.m.h.a.LogAspect - [doBefore,31] - Request : com.mayblackcat.helloblog.config.properties.LogProperties@745dd1ed
22:36:29.485 [http-nio-8080-exec-4] INFO  c.m.h.a.LogAspect - [doAfterReturning,37] - result : message :: messageList
22:36:42.558 [http-nio-8080-exec-7] INFO  c.m.h.a.LogAspect - [doBefore,31] - Request : com.mayblackcat.helloblog.config.properties.LogProperties@7c874288
22:36:42.599 [http-nio-8080-exec-7] INFO  c.m.h.a.LogAspect - [doAfterReturning,37] - result : message :: messageList
22:42:41.339 [main] INFO  c.m.h.HelloblogApplication - [logStarting,55] - Starting HelloblogApplication on DESKTOP-L12NF9H with PID 11812 (D:\javaproject\helloblog\target\classes started by ASUS in D:\javaproject\helloblog)
22:42:41.342 [main] INFO  c.m.h.HelloblogApplication - [logStartupProfileInfo,651] - No active profile set, falling back to default profiles: default
22:42:42.276 [main] INFO  o.a.c.h.Http11NioProtocol - [log,173] - Initializing ProtocolHandler ["http-nio-8080"]
22:42:42.277 [main] INFO  o.a.c.c.StandardService - [log,173] - Starting service [Tomcat]
22:42:42.277 [main] INFO  o.a.c.c.StandardEngine - [log,173] - Starting Servlet engine: [Apache Tomcat/9.0.29]
22:42:42.329 [main] INFO  o.a.c.c.C.[.[.[/] - [log,173] - Initializing Spring embedded WebApplicationContext
22:42:42.418 [main] INFO  c.a.d.s.b.a.DruidDataSourceAutoConfigure - [dataSource,56] - Init DruidDataSource
22:42:42.479 [main] INFO  c.a.d.p.DruidDataSource - [init,985] - {dataSource-1} inited
22:42:42.919 [main] INFO  o.a.c.h.Http11NioProtocol - [log,173] - Starting ProtocolHandler ["http-nio-8080"]
22:42:42.935 [main] INFO  c.m.h.HelloblogApplication - [logStarted,61] - Started HelloblogApplication in 2.012 seconds (JVM running for 3.117)
22:42:53.979 [http-nio-8080-exec-1] INFO  o.a.c.c.C.[.[.[/] - [log,173] - Initializing Spring DispatcherServlet 'dispatcherServlet'
22:42:54.026 [http-nio-8080-exec-1] INFO  c.m.h.a.LogAspect - [doBefore,31] - Request : com.mayblackcat.helloblog.config.properties.LogProperties@e37d302
22:42:55.761 [http-nio-8080-exec-1] INFO  c.m.h.a.LogAspect - [doAfterReturning,37] - result : index
22:42:56.986 [http-nio-8080-exec-3] INFO  c.m.h.a.LogAspect - [doBefore,31] - Request : com.mayblackcat.helloblog.config.properties.LogProperties@4e1310aa
22:42:56.989 [http-nio-8080-exec-3] INFO  c.m.h.a.LogAspect - [doAfterReturning,37] - result : message
22:42:57.063 [http-nio-8080-exec-4] INFO  c.m.h.a.LogAspect - [doBefore,31] - Request : com.mayblackcat.helloblog.config.properties.LogProperties@5eb3164
22:42:57.076 [http-nio-8080-exec-4] INFO  c.m.h.a.LogAspect - [doAfterReturning,37] - result : message :: messageList
22:43:09.262 [http-nio-8080-exec-2] INFO  c.m.h.a.LogAspect - [doBefore,31] - Request : com.mayblackcat.helloblog.config.properties.LogProperties@4559588c
22:43:09.287 [http-nio-8080-exec-2] INFO  c.m.h.a.LogAspect - [doAfterReturning,37] - result : message :: messageList
22:47:12.298 [main] INFO  c.m.h.HelloblogApplication - [logStarting,55] - Starting HelloblogApplication on DESKTOP-L12NF9H with PID 9332 (D:\javaproject\helloblog\target\classes started by ASUS in D:\javaproject\helloblog)
22:47:12.301 [main] INFO  c.m.h.HelloblogApplication - [logStartupProfileInfo,651] - No active profile set, falling back to default profiles: default
22:47:13.273 [main] INFO  o.a.c.h.Http11NioProtocol - [log,173] - Initializing ProtocolHandler ["http-nio-8080"]
22:47:13.273 [main] INFO  o.a.c.c.StandardService - [log,173] - Starting service [Tomcat]
22:47:13.273 [main] INFO  o.a.c.c.StandardEngine - [log,173] - Starting Servlet engine: [Apache Tomcat/9.0.29]
22:47:13.327 [main] INFO  o.a.c.c.C.[.[.[/] - [log,173] - Initializing Spring embedded WebApplicationContext
22:47:13.419 [main] INFO  c.a.d.s.b.a.DruidDataSourceAutoConfigure - [dataSource,56] - Init DruidDataSource
22:47:13.481 [main] INFO  c.a.d.p.DruidDataSource - [init,985] - {dataSource-1} inited
22:47:13.893 [main] INFO  o.a.c.h.Http11NioProtocol - [log,173] - Starting ProtocolHandler ["http-nio-8080"]
22:47:13.909 [main] INFO  c.m.h.HelloblogApplication - [logStarted,61] - Started HelloblogApplication in 1.995 seconds (JVM running for 3.242)
22:48:37.933 [main] INFO  c.m.h.HelloblogApplication - [logStarting,55] - Starting HelloblogApplication on DESKTOP-L12NF9H with PID 21972 (D:\javaproject\helloblog\target\classes started by ASUS in D:\javaproject\helloblog)
22:48:37.935 [main] INFO  c.m.h.HelloblogApplication - [logStartupProfileInfo,651] - No active profile set, falling back to default profiles: default
22:48:39.010 [main] INFO  o.a.c.h.Http11NioProtocol - [log,173] - Initializing ProtocolHandler ["http-nio-8080"]
22:48:39.011 [main] INFO  o.a.c.c.StandardService - [log,173] - Starting service [Tomcat]
22:48:39.011 [main] INFO  o.a.c.c.StandardEngine - [log,173] - Starting Servlet engine: [Apache Tomcat/9.0.29]
22:48:39.073 [main] INFO  o.a.c.c.C.[.[.[/] - [log,173] - Initializing Spring embedded WebApplicationContext
22:48:39.191 [main] INFO  c.a.d.s.b.a.DruidDataSourceAutoConfigure - [dataSource,56] - Init DruidDataSource
22:48:39.277 [main] INFO  c.a.d.p.DruidDataSource - [init,985] - {dataSource-1} inited
22:48:39.706 [main] INFO  o.a.c.h.Http11NioProtocol - [log,173] - Starting ProtocolHandler ["http-nio-8080"]
22:48:39.725 [main] INFO  c.m.h.HelloblogApplication - [logStarted,61] - Started HelloblogApplication in 2.197 seconds (JVM running for 3.47)
22:48:39.942 [http-nio-8080-exec-1] INFO  o.a.c.c.C.[.[.[/] - [log,173] - Initializing Spring DispatcherServlet 'dispatcherServlet'
22:48:39.969 [http-nio-8080-exec-1] INFO  c.m.h.a.LogAspect - [doBefore,31] - Request : com.mayblackcat.helloblog.config.properties.LogProperties@5a07b41b
22:48:41.350 [http-nio-8080-exec-1] INFO  c.m.h.a.LogAspect - [doAfterReturning,37] - result : index
22:48:42.746 [http-nio-8080-exec-5] INFO  c.m.h.a.LogAspect - [doBefore,31] - Request : com.mayblackcat.helloblog.config.properties.LogProperties@2cb9faad
22:48:42.802 [http-nio-8080-exec-5] INFO  c.m.h.a.LogAspect - [doAfterReturning,37] - result : index
22:48:43.414 [http-nio-8080-exec-6] INFO  c.m.h.a.LogAspect - [doBefore,31] - Request : com.mayblackcat.helloblog.config.properties.LogProperties@5895dbfc
22:48:43.417 [http-nio-8080-exec-6] INFO  c.m.h.a.LogAspect - [doAfterReturning,37] - result : message
22:48:43.477 [http-nio-8080-exec-7] INFO  c.m.h.a.LogAspect - [doBefore,31] - Request : com.mayblackcat.helloblog.config.properties.LogProperties@643c7db4
22:48:43.495 [http-nio-8080-exec-7] INFO  c.m.h.a.LogAspect - [doAfterReturning,37] - result : message :: messageList
22:48:52.912 [http-nio-8080-exec-10] INFO  c.m.h.a.LogAspect - [doBefore,31] - Request : com.mayblackcat.helloblog.config.properties.LogProperties@3ea95d31
22:48:52.933 [http-nio-8080-exec-10] INFO  c.m.h.a.LogAspect - [doAfterReturning,37] - result : message :: messageList
22:51:32.841 [main] INFO  c.m.h.HelloblogApplication - [logStarting,55] - Starting HelloblogApplication on DESKTOP-L12NF9H with PID 10456 (D:\javaproject\helloblog\target\classes started by ASUS in D:\javaproject\helloblog)
22:51:32.844 [main] INFO  c.m.h.HelloblogApplication - [logStartupProfileInfo,651] - No active profile set, falling back to default profiles: default
22:51:34.072 [main] INFO  o.a.c.h.Http11NioProtocol - [log,173] - Initializing ProtocolHandler ["http-nio-8080"]
22:51:34.072 [main] INFO  o.a.c.c.StandardService - [log,173] - Starting service [Tomcat]
22:51:34.073 [main] INFO  o.a.c.c.StandardEngine - [log,173] - Starting Servlet engine: [Apache Tomcat/9.0.29]
22:51:34.140 [main] INFO  o.a.c.c.C.[.[.[/] - [log,173] - Initializing Spring embedded WebApplicationContext
22:51:34.242 [main] INFO  c.a.d.s.b.a.DruidDataSourceAutoConfigure - [dataSource,56] - Init DruidDataSource
22:51:34.323 [main] INFO  c.a.d.p.DruidDataSource - [init,985] - {dataSource-1} inited
22:51:34.810 [main] INFO  o.a.c.h.Http11NioProtocol - [log,173] - Starting ProtocolHandler ["http-nio-8080"]
22:51:34.827 [main] INFO  c.m.h.HelloblogApplication - [logStarted,61] - Started HelloblogApplication in 2.451 seconds (JVM running for 4.14)
22:51:42.718 [main] INFO  c.m.h.HelloblogApplication - [logStarting,55] - Starting HelloblogApplication on DESKTOP-L12NF9H with PID 10912 (D:\javaproject\helloblog\target\classes started by ASUS in D:\javaproject\helloblog)
22:51:42.722 [main] INFO  c.m.h.HelloblogApplication - [logStartupProfileInfo,651] - No active profile set, falling back to default profiles: default
22:51:43.965 [main] INFO  o.a.c.h.Http11NioProtocol - [log,173] - Initializing ProtocolHandler ["http-nio-8080"]
22:51:43.966 [main] INFO  o.a.c.c.StandardService - [log,173] - Starting service [Tomcat]
22:51:43.966 [main] INFO  o.a.c.c.StandardEngine - [log,173] - Starting Servlet engine: [Apache Tomcat/9.0.29]
22:51:44.021 [main] INFO  o.a.c.c.C.[.[.[/] - [log,173] - Initializing Spring embedded WebApplicationContext
22:51:44.124 [main] INFO  c.a.d.s.b.a.DruidDataSourceAutoConfigure - [dataSource,56] - Init DruidDataSource
22:51:44.193 [main] INFO  c.a.d.p.DruidDataSource - [init,985] - {dataSource-1} inited
22:51:44.625 [main] INFO  o.a.c.h.Http11NioProtocol - [log,173] - Starting ProtocolHandler ["http-nio-8080"]
22:51:44.641 [main] INFO  c.m.h.HelloblogApplication - [logStarted,61] - Started HelloblogApplication in 2.588 seconds (JVM running for 4.303)
22:51:57.920 [main] INFO  c.m.h.HelloblogApplication - [logStarting,55] - Starting HelloblogApplication on DESKTOP-L12NF9H with PID 23632 (D:\javaproject\helloblog\target\classes started by ASUS in D:\javaproject\helloblog)
22:51:57.924 [main] INFO  c.m.h.HelloblogApplication - [logStartupProfileInfo,651] - No active profile set, falling back to default profiles: default
22:51:58.831 [main] INFO  o.a.c.h.Http11NioProtocol - [log,173] - Initializing ProtocolHandler ["http-nio-8080"]
22:51:58.832 [main] INFO  o.a.c.c.StandardService - [log,173] - Starting service [Tomcat]
22:51:58.832 [main] INFO  o.a.c.c.StandardEngine - [log,173] - Starting Servlet engine: [Apache Tomcat/9.0.29]
22:51:58.889 [main] INFO  o.a.c.c.C.[.[.[/] - [log,173] - Initializing Spring embedded WebApplicationContext
22:51:58.995 [main] INFO  c.a.d.s.b.a.DruidDataSourceAutoConfigure - [dataSource,56] - Init DruidDataSource
22:51:59.067 [main] INFO  c.a.d.p.DruidDataSource - [init,985] - {dataSource-1} inited
22:51:59.511 [main] INFO  o.a.c.h.Http11NioProtocol - [log,173] - Starting ProtocolHandler ["http-nio-8080"]
22:51:59.534 [main] INFO  c.m.h.HelloblogApplication - [logStarted,61] - Started HelloblogApplication in 2.08 seconds (JVM running for 3.667)
22:51:59.819 [http-nio-8080-exec-1] INFO  o.a.c.c.C.[.[.[/] - [log,173] - Initializing Spring DispatcherServlet 'dispatcherServlet'
22:51:59.845 [http-nio-8080-exec-1] INFO  c.m.h.a.LogAspect - [doBefore,31] - Request : com.mayblackcat.helloblog.config.properties.LogProperties@2d73aef
22:52:01.376 [http-nio-8080-exec-1] INFO  c.m.h.a.LogAspect - [doAfterReturning,37] - result : index
22:52:02.548 [http-nio-8080-exec-4] INFO  c.m.h.a.LogAspect - [doBefore,31] - Request : com.mayblackcat.helloblog.config.properties.LogProperties@ba2ce97
22:52:02.605 [http-nio-8080-exec-4] INFO  c.m.h.a.LogAspect - [doAfterReturning,37] - result : index
22:52:03.088 [http-nio-8080-exec-5] INFO  c.m.h.a.LogAspect - [doBefore,31] - Request : com.mayblackcat.helloblog.config.properties.LogProperties@11d3555a
22:52:03.092 [http-nio-8080-exec-5] INFO  c.m.h.a.LogAspect - [doAfterReturning,37] - result : message
22:52:03.155 [http-nio-8080-exec-6] INFO  c.m.h.a.LogAspect - [doBefore,31] - Request : com.mayblackcat.helloblog.config.properties.LogProperties@4e1310aa
22:52:03.170 [http-nio-8080-exec-6] INFO  c.m.h.a.LogAspect - [doAfterReturning,37] - result : message :: messageList
22:52:11.766 [http-nio-8080-exec-7] INFO  c.m.h.a.LogAspect - [doBefore,31] - Request : com.mayblackcat.helloblog.config.properties.LogProperties@49df2217
22:52:11.783 [http-nio-8080-exec-7] INFO  c.m.h.a.LogAspect - [doAfterReturning,37] - result : message :: messageList
22:52:33.261 [http-nio-8080-exec-10] INFO  c.m.h.a.LogAspect - [doBefore,31] - Request : com.mayblackcat.helloblog.config.properties.LogProperties@2cb9faad
22:52:33.281 [http-nio-8080-exec-10] INFO  c.m.h.a.LogAspect - [doAfterReturning,37] - result : message :: messageList
22:52:48.002 [http-nio-8080-exec-3] INFO  c.m.h.a.LogAspect - [doBefore,31] - Request : com.mayblackcat.helloblog.config.properties.LogProperties@740cbf4e
22:52:48.004 [http-nio-8080-exec-3] INFO  c.m.h.a.LogAspect - [doAfterReturning,37] - result : admin/login
22:53:00.135 [http-nio-8080-exec-5] INFO  c.m.h.a.LogAspect - [doBefore,31] - Request : com.mayblackcat.helloblog.config.properties.LogProperties@31736d59
22:53:00.143 [http-nio-8080-exec-5] INFO  c.m.h.a.LogAspect - [doAfterReturning,37] - result : admin/index
22:53:01.576 [http-nio-8080-exec-6] INFO  c.m.h.a.LogAspect - [doBefore,31] - Request : com.mayblackcat.helloblog.config.properties.LogProperties@5aab8c11
22:53:01.592 [http-nio-8080-exec-6] INFO  c.m.h.a.LogAspect - [doAfterReturning,37] - result : admin/blogs
22:53:03.162 [http-nio-8080-exec-9] INFO  c.m.h.a.LogAspect - [doBefore,31] - Request : com.mayblackcat.helloblog.config.properties.LogProperties@7f1391aa
22:53:03.173 [http-nio-8080-exec-9] INFO  c.m.h.a.LogAspect - [doAfterReturning,37] - result : ModelAndView [view="admin/blogs-input"; model=null]
22:53:18.309 [http-nio-8080-exec-3] INFO  c.m.h.a.LogAspect - [doBefore,31] - Request : com.mayblackcat.helloblog.config.properties.LogProperties@4953410d
22:53:18.327 [http-nio-8080-exec-3] INFO  c.m.h.a.LogAspect - [doAfterReturning,37] - result : redirect:/admin/blogs
22:53:18.383 [http-nio-8080-exec-2] INFO  c.m.h.a.LogAspect - [doBefore,31] - Request : com.mayblackcat.helloblog.config.properties.LogProperties@f78530e
22:53:18.399 [http-nio-8080-exec-2] INFO  c.m.h.a.LogAspect - [doAfterReturning,37] - result : admin/blogs
22:53:19.956 [http-nio-8080-exec-4] INFO  c.m.h.a.LogAspect - [doBefore,31] - Request : com.mayblackcat.helloblog.config.properties.LogProperties@177689c2
22:53:19.967 [http-nio-8080-exec-4] INFO  c.m.h.a.LogAspect - [doAfterReturning,37] - result : admin/blogs
22:55:50.502 [main] INFO  c.m.h.HelloblogApplication - [logStarting,55] - Starting HelloblogApplication on DESKTOP-L12NF9H with PID 14456 (D:\javaproject\helloblog\target\classes started by ASUS in D:\javaproject\helloblog)
22:55:50.505 [main] INFO  c.m.h.HelloblogApplication - [logStartupProfileInfo,651] - No active profile set, falling back to default profiles: default
22:55:51.476 [main] INFO  o.a.c.h.Http11NioProtocol - [log,173] - Initializing ProtocolHandler ["http-nio-8080"]
22:55:51.477 [main] INFO  o.a.c.c.StandardService - [log,173] - Starting service [Tomcat]
22:55:51.477 [main] INFO  o.a.c.c.StandardEngine - [log,173] - Starting Servlet engine: [Apache Tomcat/9.0.29]
22:55:51.547 [main] INFO  o.a.c.c.C.[.[.[/] - [log,173] - Initializing Spring embedded WebApplicationContext
22:55:51.658 [main] INFO  c.a.d.s.b.a.DruidDataSourceAutoConfigure - [dataSource,56] - Init DruidDataSource
22:55:51.749 [main] INFO  c.a.d.p.DruidDataSource - [init,985] - {dataSource-1} inited
22:55:52.219 [main] INFO  o.a.c.h.Http11NioProtocol - [log,173] - Starting ProtocolHandler ["http-nio-8080"]
22:55:52.236 [main] INFO  c.m.h.HelloblogApplication - [logStarted,61] - Started HelloblogApplication in 2.138 seconds (JVM running for 3.243)
22:55:56.090 [main] INFO  c.m.h.HelloblogApplication - [logStarting,55] - Starting HelloblogApplication on DESKTOP-L12NF9H with PID 23736 (D:\javaproject\helloblog\target\classes started by ASUS in D:\javaproject\helloblog)
22:55:56.125 [main] INFO  c.m.h.HelloblogApplication - [logStartupProfileInfo,651] - No active profile set, falling back to default profiles: default
22:55:57.181 [main] INFO  o.a.c.h.Http11NioProtocol - [log,173] - Initializing ProtocolHandler ["http-nio-8080"]
22:55:57.182 [main] INFO  o.a.c.c.StandardService - [log,173] - Starting service [Tomcat]
22:55:57.182 [main] INFO  o.a.c.c.StandardEngine - [log,173] - Starting Servlet engine: [Apache Tomcat/9.0.29]
22:55:57.253 [main] INFO  o.a.c.c.C.[.[.[/] - [log,173] - Initializing Spring embedded WebApplicationContext
22:55:57.374 [main] INFO  c.a.d.s.b.a.DruidDataSourceAutoConfigure - [dataSource,56] - Init DruidDataSource
22:55:57.458 [main] INFO  c.a.d.p.DruidDataSource - [init,985] - {dataSource-1} inited
22:55:58.009 [main] INFO  o.a.c.h.Http11NioProtocol - [log,173] - Starting ProtocolHandler ["http-nio-8080"]
22:55:58.029 [main] INFO  c.m.h.HelloblogApplication - [logStarted,61] - Started HelloblogApplication in 2.538 seconds (JVM running for 4.294)
22:55:58.204 [http-nio-8080-exec-1] INFO  o.a.c.c.C.[.[.[/] - [log,173] - Initializing Spring DispatcherServlet 'dispatcherServlet'
22:55:58.249 [http-nio-8080-exec-2] INFO  c.m.h.a.LogAspect - [doBefore,31] - Request : com.mayblackcat.helloblog.config.properties.LogProperties@408eef10
22:55:58.253 [http-nio-8080-exec-2] INFO  c.m.h.a.LogAspect - [doAfterReturning,37] - result : admin/login
22:56:05.679 [http-nio-8080-exec-3] INFO  c.m.h.a.LogAspect - [doBefore,31] - Request : com.mayblackcat.helloblog.config.properties.LogProperties@28d106de
22:56:05.727 [http-nio-8080-exec-4] INFO  c.m.h.a.LogAspect - [doBefore,31] - Request : com.mayblackcat.helloblog.config.properties.LogProperties@1a9ab36f
22:56:06.625 [http-nio-8080-exec-3] INFO  c.m.h.a.LogAspect - [doAfterReturning,37] - result : admin/index
22:56:06.625 [http-nio-8080-exec-4] INFO  c.m.h.a.LogAspect - [doAfterReturning,37] - result : admin/index
22:56:08.378 [http-nio-8080-exec-7] INFO  c.m.h.a.LogAspect - [doBefore,31] - Request : com.mayblackcat.helloblog.config.properties.LogProperties@52450f84
22:56:08.432 [http-nio-8080-exec-7] INFO  c.m.h.a.LogAspect - [doAfterReturning,37] - result : admin/blogs
22:56:10.072 [http-nio-8080-exec-8] INFO  c.m.h.a.LogAspect - [doBefore,31] - Request : com.mayblackcat.helloblog.config.properties.LogProperties@269fef11
22:56:10.087 [http-nio-8080-exec-8] INFO  c.m.h.a.LogAspect - [doAfterReturning,37] - result : admin/blogs
22:56:11.581 [http-nio-8080-exec-9] INFO  c.m.h.a.LogAspect - [doBefore,31] - Request : com.mayblackcat.helloblog.config.properties.LogProperties@3d41227e
22:56:11.592 [http-nio-8080-exec-9] INFO  c.m.h.a.LogAspect - [doAfterReturning,37] - result : redirect:/admin/blogs
22:56:11.606 [http-nio-8080-exec-10] INFO  c.m.h.a.LogAspect - [doBefore,31] - Request : com.mayblackcat.helloblog.config.properties.LogProperties@2157764c
22:56:11.622 [http-nio-8080-exec-10] INFO  c.m.h.a.LogAspect - [doAfterReturning,37] - result : admin/blogs
22:56:13.159 [http-nio-8080-exec-1] INFO  c.m.h.a.LogAspect - [doBefore,31] - Request : com.mayblackcat.helloblog.config.properties.LogProperties@4b3bbcb7
22:56:13.177 [http-nio-8080-exec-1] INFO  c.m.h.a.LogAspect - [doAfterReturning,37] - result : admin/blogs
22:56:15.152 [http-nio-8080-exec-2] INFO  c.m.h.a.LogAspect - [doBefore,31] - Request : com.mayblackcat.helloblog.config.properties.LogProperties@15e8daa3
22:56:15.169 [http-nio-8080-exec-2] INFO  c.m.h.a.LogAspect - [doAfterReturning,37] - result : ModelAndView [view="admin/blogs-input"; model=null]
22:56:28.047 [http-nio-8080-exec-5] INFO  c.m.h.a.LogAspect - [doBefore,31] - Request : com.mayblackcat.helloblog.config.properties.LogProperties@ae9b5cd
22:59:52.391 [http-nio-8080-exec-7] INFO  c.m.h.a.LogAspect - [doBefore,31] - Request : com.mayblackcat.helloblog.config.properties.LogProperties@7588eecc
22:59:52.429 [http-nio-8080-exec-5] INFO  c.m.h.a.LogAspect - [doAfterReturning,37] - result : redirect:/admin/blogs
22:59:52.452 [http-nio-8080-exec-7] INFO  c.m.h.a.LogAspect - [doAfterReturning,37] - result : redirect:/admin/blogs
22:59:52.458 [http-nio-8080-exec-8] INFO  c.m.h.a.LogAspect - [doBefore,31] - Request : com.mayblackcat.helloblog.config.properties.LogProperties@ee14778
22:59:52.474 [SpringContextShutdownHook] INFO  c.a.d.p.DruidDataSource - [close,2032] - {dataSource-1} closing ...
22:59:52.479 [SpringContextShutdownHook] INFO  c.a.d.p.DruidDataSource - [close,2104] - {dataSource-1} closed
22:59:52.487 [http-nio-8080-exec-8] INFO  c.m.h.a.LogAspect - [doAfterReturning,37] - result : admin/blogs
22:59:55.666 [main] INFO  c.m.h.HelloblogApplication - [logStarting,55] - Starting HelloblogApplication on DESKTOP-L12NF9H with PID 11672 (D:\javaproject\helloblog\target\classes started by ASUS in D:\javaproject\helloblog)
22:59:55.671 [main] INFO  c.m.h.HelloblogApplication - [logStartupProfileInfo,651] - No active profile set, falling back to default profiles: default
22:59:56.652 [main] INFO  o.a.c.h.Http11NioProtocol - [log,173] - Initializing ProtocolHandler ["http-nio-8080"]
22:59:56.652 [main] INFO  o.a.c.c.StandardService - [log,173] - Starting service [Tomcat]
22:59:56.652 [main] INFO  o.a.c.c.StandardEngine - [log,173] - Starting Servlet engine: [Apache Tomcat/9.0.29]
22:59:56.705 [main] INFO  o.a.c.c.C.[.[.[/] - [log,173] - Initializing Spring embedded WebApplicationContext
22:59:56.797 [main] INFO  c.a.d.s.b.a.DruidDataSourceAutoConfigure - [dataSource,56] - Init DruidDataSource
22:59:56.859 [main] INFO  c.a.d.p.DruidDataSource - [init,985] - {dataSource-1} inited
22:59:57.271 [main] INFO  o.a.c.h.Http11NioProtocol - [log,173] - Starting ProtocolHandler ["http-nio-8080"]
22:59:57.286 [main] INFO  c.m.h.HelloblogApplication - [logStarted,61] - Started HelloblogApplication in 2.077 seconds (JVM running for 3.238)
23:01:19.200 [main] INFO  c.m.h.HelloblogApplication - [logStarting,55] - Starting HelloblogApplication on DESKTOP-L12NF9H with PID 7096 (D:\javaproject\helloblog\target\classes started by ASUS in D:\javaproject\helloblog)
23:01:19.203 [main] INFO  c.m.h.HelloblogApplication - [logStartupProfileInfo,651] - No active profile set, falling back to default profiles: default
23:01:20.188 [main] INFO  o.a.c.h.Http11NioProtocol - [log,173] - Initializing ProtocolHandler ["http-nio-8080"]
23:01:20.189 [main] INFO  o.a.c.c.StandardService - [log,173] - Starting service [Tomcat]
23:01:20.189 [main] INFO  o.a.c.c.StandardEngine - [log,173] - Starting Servlet engine: [Apache Tomcat/9.0.29]
23:01:20.246 [main] INFO  o.a.c.c.C.[.[.[/] - [log,173] - Initializing Spring embedded WebApplicationContext
23:01:20.342 [main] INFO  c.a.d.s.b.a.DruidDataSourceAutoConfigure - [dataSource,56] - Init DruidDataSource
23:01:20.409 [main] INFO  c.a.d.p.DruidDataSource - [init,985] - {dataSource-1} inited
23:01:20.850 [main] INFO  o.a.c.h.Http11NioProtocol - [log,173] - Starting ProtocolHandler ["http-nio-8080"]
23:01:20.868 [main] INFO  c.m.h.HelloblogApplication - [logStarted,61] - Started HelloblogApplication in 2.093 seconds (JVM running for 3.222)
23:01:20.903 [http-nio-8080-exec-1] INFO  o.a.c.c.C.[.[.[/] - [log,173] - Initializing Spring DispatcherServlet 'dispatcherServlet'
23:01:20.945 [http-nio-8080-exec-3] INFO  c.m.h.a.LogAspect - [doBefore,31] - Request : com.mayblackcat.helloblog.config.properties.LogProperties@6dbcb43f
23:01:20.952 [http-nio-8080-exec-3] INFO  c.m.h.a.LogAspect - [doAfterReturning,37] - result : admin/login
23:01:24.618 [http-nio-8080-exec-6] INFO  c.m.h.a.LogAspect - [doBefore,31] - Request : com.mayblackcat.helloblog.config.properties.LogProperties@42e01ef0
23:01:25.615 [http-nio-8080-exec-6] INFO  c.m.h.a.LogAspect - [doAfterReturning,37] - result : admin/index
23:01:26.742 [http-nio-8080-exec-7] INFO  c.m.h.a.LogAspect - [doBefore,31] - Request : com.mayblackcat.helloblog.config.properties.LogProperties@739bf552
23:01:26.789 [http-nio-8080-exec-7] INFO  c.m.h.a.LogAspect - [doAfterReturning,37] - result : admin/blogs
23:01:29.583 [http-nio-8080-exec-8] INFO  c.m.h.a.LogAspect - [doBefore,31] - Request : com.mayblackcat.helloblog.config.properties.LogProperties@6d2cf450
23:01:29.598 [http-nio-8080-exec-8] INFO  c.m.h.a.LogAspect - [doAfterReturning,37] - result : admin/blogs
23:01:31.677 [http-nio-8080-exec-9] INFO  c.m.h.a.LogAspect - [doBefore,31] - Request : com.mayblackcat.helloblog.config.properties.LogProperties@65e6d25
23:01:31.688 [http-nio-8080-exec-9] INFO  c.m.h.a.LogAspect - [doAfterReturning,37] - result : redirect:/admin/blogs
23:01:31.698 [http-nio-8080-exec-10] INFO  c.m.h.a.LogAspect - [doBefore,31] - Request : com.mayblackcat.helloblog.config.properties.LogProperties@daf7d97
23:01:31.722 [http-nio-8080-exec-10] INFO  c.m.h.a.LogAspect - [doAfterReturning,37] - result : admin/blogs
23:01:32.759 [http-nio-8080-exec-5] INFO  c.m.h.a.LogAspect - [doBefore,31] - Request : com.mayblackcat.helloblog.config.properties.LogProperties@118bc7b6
23:01:32.774 [http-nio-8080-exec-5] INFO  c.m.h.a.LogAspect - [doAfterReturning,37] - result : admin/blogs
23:01:34.528 [http-nio-8080-exec-2] INFO  c.m.h.a.LogAspect - [doBefore,31] - Request : com.mayblackcat.helloblog.config.properties.LogProperties@413384b8
23:01:34.538 [http-nio-8080-exec-2] INFO  c.m.h.a.LogAspect - [doAfterReturning,37] - result : redirect:/admin/blogs
23:01:34.542 [http-nio-8080-exec-4] INFO  c.m.h.a.LogAspect - [doBefore,31] - Request : com.mayblackcat.helloblog.config.properties.LogProperties@7f390ce9
23:01:34.560 [http-nio-8080-exec-4] INFO  c.m.h.a.LogAspect - [doAfterReturning,37] - result : admin/blogs
23:01:35.428 [http-nio-8080-exec-6] INFO  c.m.h.a.LogAspect - [doBefore,31] - Request : com.mayblackcat.helloblog.config.properties.LogProperties@4d839a7a
23:01:35.439 [http-nio-8080-exec-6] INFO  c.m.h.a.LogAspect - [doAfterReturning,37] - result : ModelAndView [view="admin/blogs-input"; model=null]
23:01:54.620 [http-nio-8080-exec-7] INFO  c.m.h.a.LogAspect - [doBefore,31] - Request : com.mayblackcat.helloblog.config.properties.LogProperties@37d3943c
23:01:54.647 [http-nio-8080-exec-7] INFO  c.m.h.a.LogAspect - [doAfterReturning,37] - result : redirect:/admin/blogs
23:01:54.651 [http-nio-8080-exec-8] INFO  c.m.h.a.LogAspect - [doBefore,31] - Request : com.mayblackcat.helloblog.config.properties.LogProperties@1a2019d2
23:01:54.669 [http-nio-8080-exec-8] INFO  c.m.h.a.LogAspect - [doAfterReturning,37] - result : admin/blogs
23:01:56.157 [http-nio-8080-exec-9] INFO  c.m.h.a.LogAspect - [doBefore,31] - Request : com.mayblackcat.helloblog.config.properties.LogProperties@768128fc
23:01:56.170 [http-nio-8080-exec-9] INFO  c.m.h.a.LogAspect - [doAfterReturning,37] - result : admin/blogs
23:02:03.279 [http-nio-8080-exec-10] INFO  c.m.h.a.LogAspect - [doBefore,31] - Request : com.mayblackcat.helloblog.config.properties.LogProperties@34369f14
23:02:03.291 [http-nio-8080-exec-10] INFO  c.m.h.a.LogAspect - [doAfterReturning,37] - result : admin/blogs-input
23:02:14.461 [http-nio-8080-exec-3] INFO  c.m.h.a.LogAspect - [doBefore,31] - Request : com.mayblackcat.helloblog.config.properties.LogProperties@3ae0b74d
23:02:14.478 [http-nio-8080-exec-3] INFO  c.m.h.a.LogAspect - [doAfterReturning,37] - result : redirect:/admin/blogs
23:02:14.484 [http-nio-8080-exec-1] INFO  c.m.h.a.LogAspect - [doBefore,31] - Request : com.mayblackcat.helloblog.config.properties.LogProperties@5e185dd2
23:02:14.498 [http-nio-8080-exec-1] INFO  c.m.h.a.LogAspect - [doAfterReturning,37] - result : admin/blogs
